Log file open, 07/07/17 19:54:06
LogInit:Display: Running engine for game: MyProject
LogPlatformFile: Not using cached read wrapper
LogInit:Display: RandInit(-1962694456) SRandInit(-1962694456).
LogTaskGraph: Started task graph with 5 named threads and 8 total threads with 1 sets of task threads.
LogStats: Stats thread started at 7.596686
LogInit: Using libcurl 7.47.1
LogInit:  - built for x86_64-pc-win32
LogInit:  - supports SSL with OpenSSL/1.0.2g
LogInit:  - supports HTTP deflate (compression) using libz 1.2.8
LogInit:  - other features:
LogInit:      CURL_VERSION_SSL
LogInit:      CURL_VERSION_LIBZ
LogInit:      CURL_VERSION_IPV6
LogInit:      CURL_VERSION_ASYNCHDNS
LogInit:      CURL_VERSION_LARGEFILE
LogInit:      CURL_VERSION_IDN
LogInit:  CurlRequestOptions (configurable via config and command line):
LogInit:  - bVerifyPeer = false  - Libcurl will NOT verify peer certificate
LogInit:  - bUseHttpProxy = false  - Libcurl will NOT use HTTP proxy
LogInit:  - bDontReuseConnections = false  - Libcurl will reuse connections
LogInit:  - CertBundlePath = nullptr  - Libcurl will use whatever was configured at build time.
LogInit: Build: ++UE4+Release-4.16-CL-3514769
LogInit: Engine Version: 4.16.2-3514769+++UE4+Release-4.16
LogInit: Compatible Engine Version: 4.16.0-3452394+++UE4+Release-4.16
LogInit: Net CL: 3452394
LogDevObjectVersion: Number of dev versions registered: 16
LogDevObjectVersion:   Dev-Blueprints (B0D832E4-1F89-4F0D-ACCF-7EB736FD4AA2): 9
LogDevObjectVersion:   Dev-Build (E1C64328-A22C-4D53-A36C-8E866417BD8C): 0
LogDevObjectVersion:   Dev-Core (375EC13C-06E4-48FB-B500-84F0262A717E): 2
LogDevObjectVersion:   Dev-Editor (E4B068ED-F494-42E9-A231-DA0B2E46BB41): 17
LogDevObjectVersion:   Dev-Framework (CFFC743F-43B0-4480-9391-14DF171D2073): 23
LogDevObjectVersion:   Dev-Mobile (B02B49B5-BB20-44E9-A304-32B752E40360): 0
LogDevObjectVersion:   Dev-Networking (A4E4105C-59A1-49B5-A7C5-40C4547EDFEE): 0
LogDevObjectVersion:   Dev-Online (39C831C9-5AE6-47DC-9A44-9C173E1C8E7C): 0
LogDevObjectVersion:   Dev-Physics (78F01B33-EBEA-4F98-B9B4-84EACCB95AA2): 0
LogDevObjectVersion:   Dev-Platform (6631380F-2D4D-43E0-8009-CF276956A95A): 0
LogDevObjectVersion:   Dev-Rendering (12F88B9F-8875-4AFC-A67C-D90C383ABD29): 15
LogDevObjectVersion:   Dev-Sequencer (7B5AE74C-D270-4C10-A958-57980B212A5A): 4
LogDevObjectVersion:   Dev-VR (D7296918-1DD6-4BDD-9DE2-64A83CC13884): 0
LogDevObjectVersion:   Dev-LoadTimes (C2A15278-BFE7-4AFE-6C17-90FF531DF755): 1
LogDevObjectVersion:   Private-Geometry (6EACA3D4-40EC-4CC1-B786-8BED09428FC5): 1
LogDevObjectVersion:   Dev-AnimPhys (29E575DD-E0A3-4627-9D10-D276232CDCEA): 3
LogInit: Compiled (64-bit): Jun 29 2017 02:03:24
LogInit: Compiled with Visual C++: 19.00.24215.01
LogInit: Build Configuration: Development
LogInit: Branch Name: ++UE4+Release-4.16
LogInit: Command line:  
LogInit: Base directory: C:/Program Files/Epic Games/UE_4.16/Engine/Binaries/Win64/
LogInit: Installed Engine Build: 1
LogInit: Presizing for max 8388607 objects, including 0 objects not considered by GC, pre-allocating 0 bytes for permanent pool.
LogInit: Object subsystem initialized
[2017.07.07-18.54.10:276][  0]LogInit: Selected Device Profile: [Windows]
[2017.07.07-18.54.10:276][  0]LogInit: Applying CVar settings loaded from the selected device profile: [Windows]
[2017.07.07-18.54.10:428][  0]LogInit: Computer: SAFEBOX-III
[2017.07.07-18.54.10:428][  0]LogInit: User: safeb000
[2017.07.07-18.54.10:428][  0]LogInit: CPU Page size=4096, Cores=4
[2017.07.07-18.54.10:428][  0]LogInit: High frequency timer resolution =3.411341 MHz
[2017.07.07-18.54.10:436][  0]LogMemory: Memory total: Physical=5.9GB (6GB approx)
[2017.07.07-18.54.10:436][  0]LogMemory: Platform Memory Stats for Windows
[2017.07.07-18.54.10:436][  0]LogMemory: Process Physical Memory: 273.11 MB used, 273.11 MB peak
[2017.07.07-18.54.10:436][  0]LogMemory: Process Virtual Memory: 261.16 MB used, 261.16 MB peak
[2017.07.07-18.54.10:436][  0]LogMemory: Physical Memory: 4603.73 MB used,  1411.79 MB free, 6015.52 MB total
[2017.07.07-18.54.10:436][  0]LogMemory: Virtual Memory: 621.20 MB used,  1411.79 MB free, 8388608.00 MB total
[2017.07.07-18.54.12:596][  0]LogInit: Using OS detected language (en-GB).
[2017.07.07-18.54.12:596][  0]LogInit: Using OS detected locale (en-GB).
[2017.07.07-18.54.13:092][  0]LogTextLocalizationManager: No specific localization for 'en-GB' exists, so the 'en' localization will be used.
[2017.07.07-18.54.16:038][  0]LogD3D11RHI: D3D11 adapters:
[2017.07.07-18.54.16:101][  0]LogD3D11RHI:    0. 'AMD Radeon R9 200 Series' (Feature Level 11_0)
[2017.07.07-18.54.16:101][  0]LogD3D11RHI:       2032/0/2751 MB DedicatedVideo/DedicatedSystem/SharedSystem, Outputs:1, VendorId:0x1002
[2017.07.07-18.54.16:229][  0]LogD3D11RHI:    1. 'Intel(R) HD Graphics 4000' (Feature Level 11_0)
[2017.07.07-18.54.16:229][  0]LogD3D11RHI:       32/0/1632 MB DedicatedVideo/DedicatedSystem/SharedSystem, Outputs:1, VendorId:0x8086
[2017.07.07-18.54.16:236][  0]LogD3D11RHI:    2. 'Microsoft Basic Render Driver' (Feature Level 11_0)
[2017.07.07-18.54.16:236][  0]LogD3D11RHI:       0/0/256 MB DedicatedVideo/DedicatedSystem/SharedSystem, Outputs:0, VendorId:0x1414
[2017.07.07-18.54.16:236][  0]LogD3D11RHI: Chosen D3D11 Adapter: 0
[2017.07.07-18.54.16:250][  0]LogD3D11RHI: Creating new Direct3DDevice
[2017.07.07-18.54.16:250][  0]LogD3D11RHI:     GPU DeviceId: 0x6810 (for the marketing name, search the web for "GPU Device Id")
[2017.07.07-18.54.16:250][  0]LogWindows: EnumDisplayDevices:
[2017.07.07-18.54.16:250][  0]LogWindows:    0. 'Intel(R) HD Graphics 4000' (P:0 D:1)
[2017.07.07-18.54.16:250][  0]LogWindows:    1. 'Intel(R) HD Graphics 4000' (P:0 D:0)
[2017.07.07-18.54.16:251][  0]LogWindows:    2. 'Intel(R) HD Graphics 4000' (P:0 D:0)
[2017.07.07-18.54.16:251][  0]LogWindows:    3. 'AMD Radeon R9 200 Series' (P:1 D:1)
[2017.07.07-18.54.16:251][  0]LogWindows:    4. 'AMD Radeon R9 200 Series' (P:0 D:0)
[2017.07.07-18.54.16:252][  0]LogWindows:    5. 'AMD Radeon R9 200 Series' (P:0 D:0)
[2017.07.07-18.54.16:252][  0]LogWindows:    6. 'AMD Radeon R9 200 Series' (P:0 D:0)
[2017.07.07-18.54.16:252][  0]LogWindows:    7. 'AMD Radeon R9 200 Series' (P:0 D:0)
[2017.07.07-18.54.16:253][  0]LogWindows:    8. 'AMD Radeon R9 200 Series' (P:0 D:0)
[2017.07.07-18.54.16:253][  0]LogWindows: DebugString: PrimaryIsNotTheChoosenAdapter PrimaryIsNotTheChoosenAdapter PrimaryIsNotTheChoosenAdapter FoundDriverCount:6 
[2017.07.07-18.54.16:253][  0]LogD3D11RHI:     Adapter Name: AMD Radeon R9 200 Series
[2017.07.07-18.54.16:253][  0]LogD3D11RHI:   Driver Version: Catalyst 13.6 (internal:13.101.0.0, unified:13.101.0.0)
[2017.07.07-18.54.16:253][  0]LogD3D11RHI:      Driver Date: 6-4-2013
[2017.07.07-18.54.16:253][  0]LogRHI: Texture pool is 1361 MB (70% of 1945 MB)
[2017.07.07-18.54.16:262][  0]LogD3D11RHI: Async texture creation enabled
[2017.07.07-18.54.16:715][  0]LogD3D11RHI: GPU Timing Frequency: 27.000000 (Debug: 2 1)
[2017.07.07-19.12.48:933][  0]LogWindowsTextInputMethodSystem:Display: IME system now deactivated.
[2017.07.07-19.12.48:933][  0]LogWindowsTextInputMethodSystem:Display: IME system now deactivated.
[2017.07.07-19.12.49:156][  0]LogShaderCompilers: Guid format shader working directory is -24 characters bigger than the processId version (../../../../../../Users/safeb_000/Documents/GitHub/Project-KAGE/MyProject/Intermediate/Shaders/WorkingDirectory/10208/).
[2017.07.07-19.12.49:157][  0]LogShaderCompilers: Cleaned the shader compiler working directory 'C:/Users/safeb_000/AppData/Local/Temp/UnrealShaderWorkingDir/3DAE192E40D25BCFFF613F99EE890D62/'.
[2017.07.07-19.12.49:166][  0]LogShaderCompilers:Display: Using Local Shader Compiler.
[2017.07.07-19.13.03:297][  0]LogTemp:Display: Loaded TP AllDesktopTargetPlatform
[2017.07.07-19.13.03:478][  0]LogTemp:Display: Loaded TP MacClientTargetPlatform
[2017.07.07-19.13.03:565][  0]LogTemp:Display: Loaded TP MacNoEditorTargetPlatform
[2017.07.07-19.13.03:785][  0]LogTemp:Display: Loaded TP MacServerTargetPlatform
[2017.07.07-19.13.03:881][  0]LogTemp:Display: Loaded TP MacTargetPlatform
[2017.07.07-19.13.03:985][  0]LogTemp:Display: Loaded TP WindowsClientTargetPlatform
[2017.07.07-19.13.04:062][  0]LogTemp:Display: Loaded TP WindowsNoEditorTargetPlatform
[2017.07.07-19.13.04:270][  0]LogTemp:Display: Loaded TP WindowsServerTargetPlatform
[2017.07.07-19.13.04:541][  0]LogTemp:Display: Loaded TP WindowsTargetPlatform
[2017.07.07-19.13.04:710][  0]LogTemp:Display: Loaded TP AndroidTargetPlatform
[2017.07.07-19.13.04:918][  0]LogTemp:Display: Loaded TP Android_ASTCTargetPlatform
[2017.07.07-19.13.05:108][  0]LogTemp:Display: Loaded TP Android_ATCTargetPlatform
[2017.07.07-19.13.05:208][  0]LogTemp:Display: Loaded TP Android_DXTTargetPlatform
[2017.07.07-19.13.05:351][  0]LogTemp:Display: Loaded TP Android_ETC1TargetPlatform
[2017.07.07-19.13.05:513][  0]LogTemp:Display: Loaded TP Android_ETC2TargetPlatform
[2017.07.07-19.13.05:724][  0]LogTemp:Display: Loaded TP Android_MultiTargetPlatform
[2017.07.07-19.13.05:724][  0]LogTemp:Display: Loaded TP Android_PVRTCTargetPlatform
[2017.07.07-19.13.05:805][  0]LogTemp:Display: Loaded TP HTML5TargetPlatform
[2017.07.07-19.13.06:176][  0]LogTemp:Display: Loaded TP IOSTargetPlatform
[2017.07.07-19.13.06:320][  0]LogTemp:Display: Loaded TP TVOSTargetPlatform
[2017.07.07-19.13.06:418][  0]LogTemp:Display: Loaded TP LinuxClientTargetPlatform
[2017.07.07-19.13.06:497][  0]LogTemp:Display: Loaded TP LinuxNoEditorTargetPlatform
[2017.07.07-19.13.06:626][  0]LogTemp:Display: Loaded TP LinuxServerTargetPlatform
[2017.07.07-19.13.06:716][  0]LogTemp:Display: Loaded TP LinuxTargetPlatform
[2017.07.07-19.13.06:716][  0]LogTargetPlatformManager:Display: Building Assets For Windows
[2017.07.07-19.13.10:771][  0]LogDerivedDataCache:Display: Max Cache Size: 512 MB
[2017.07.07-19.13.11:619][  0]LogDerivedDataCache: Loaded boot cache 0.85s 90MB C:/Users/safeb_000/AppData/Local/UnrealEngine/4.16/DerivedDataCache/Boot.ddc.
[2017.07.07-19.13.11:619][  0]LogDerivedDataCache:Display: Loaded Boot cache: C:/Users/safeb_000/AppData/Local/UnrealEngine/4.16/DerivedDataCache/Boot.ddc
[2017.07.07-19.13.11:619][  0]LogDerivedDataCache: FDerivedDataBackendGraph:  Pak pak cache file ../../../../../../Users/safeb_000/Documents/GitHub/Project-KAGE/MyProject/DerivedDataCache/DDC.ddp not found, will not use a pak cache.
[2017.07.07-19.13.11:619][  0]LogDerivedDataCache: Unable to find inner node Pak for hierarchical cache Hierarchy.
[2017.07.07-19.13.11:619][  0]LogDerivedDataCache: FDerivedDataBackendGraph:  CompressedPak pak cache file ../../../../../../Users/safeb_000/Documents/GitHub/Project-KAGE/MyProject/DerivedDataCache/Compressed.ddp not found, will not use a pak cache.
[2017.07.07-19.13.11:619][  0]LogDerivedDataCache: Unable to find inner node CompressedPak for hierarchical cache Hierarchy.
[2017.07.07-19.13.11:829][  0]LogDerivedDataCache:Display: Pak cache opened for reading ../../../Engine/DerivedDataCache/Compressed.ddp.
[2017.07.07-19.13.11:847][  0]LogDerivedDataCache: Using Local data cache path C:/Users/safeb_000/AppData/Local/UnrealEngine/Common/DerivedDataCache: Writable
[2017.07.07-19.13.12:077][  0]LogMaterial: Verifying Global Shaders for PCD3D_SM5
[2017.07.07-19.13.12:163][  0]LogSlate: Using Freetype 2.6.0
[2017.07.07-19.13.12:343][  0]LogSlate: SlateFontCache - WITH_FREETYPE: 1, WITH_HARFBUZZ: 1
[2017.07.07-19.13.12:343][  0]LogSlate: SlateFontCache - WITH_FREETYPE: 1, WITH_HARFBUZZ: 1
[2017.07.07-19.13.28:482][  0]LogInit: Selected Device Profile: [Windows]
[2017.07.07-19.13.31:242][  0]LogContentStreaming: Texture pool size is 0.00 MB
[2017.07.07-19.13.33:228][  0]LogMeshUtilities: Using QuadricMeshReduction for automatic static mesh reduction
[2017.07.07-19.13.33:491][  0]LogSimplygon: Simplygon DLL not present - disabling.
[2017.07.07-19.13.33:746][  0]LogMeshUtilities: Using SimplygonSwarm for distributed automatic mesh merging
[2017.07.07-19.13.33:746][  0]LogMeshUtilities: No automatic skeletal mesh reduction module available
[2017.07.07-19.13.33:746][  0]LogMeshUtilities: No automatic mesh merging module available
[2017.07.07-19.13.46:948][  0]LogNetVersion: MyProject , NetCL: 3452394, EngineNetVer: 2, GameNetVer: 0 (Checksum: 1111101373)
[2017.07.07-19.13.47:776][  0]LogAssetRegistry: FAssetRegistry took 0.1908 seconds to start up
[2017.07.07-19.13.49:106][  0]LogPackageLocalizationCache: Processed 4 localized package path(s) for 2 prioritized culture(s) in 0.833288 seconds
[2017.07.07-19.13.49:211][  0]LogUObjectArray: 34194 objects as part of root set at end of initial load.
[2017.07.07-19.13.49:211][  0]LogUObjectAllocator: 7260424 out of 0 bytes used by permanent object pool.
[2017.07.07-19.13.49:225][  0]LogUObjectArray: CloseDisregardForGC: 0/0 objects in disregard for GC pool
[2017.07.07-19.13.49:653][  0]LogInit: WinSock: version 1.1 (2.2), MaxSocks=32767, MaxUdp=65467
[2017.07.07-19.14.51:269][  0]LogTcpMessaging: Initializing TcpMessaging bridge
[2017.07.07-19.14.51:381][  0]LogUdpMessaging: Initializing bridge on interface 0.0.0.0:0 to multicast group 230.0.0.1:6666.
[2017.07.07-19.14.56:268][  0]LogMaterial: Uniform references updated for custom material expression Custom.
[2017.07.07-19.14.59:338][  0]SourceControl: Info Source control is disabled
[2017.07.07-19.15.01:054][  0]SourceControl: Info Source control is disabled
[2017.07.07-19.15.01:364][  0]SourceControl: Info Source control is disabled
[2017.07.07-19.15.01:622][  0]SourceControl: Info Source control is disabled
[2017.07.07-19.15.06:010][  0]LogAndroidPermission: UAndroidPermissionCallbackProxy::GetInstance
[2017.07.07-19.15.10:041][  0]LogEngine: Initializing Engine...
[2017.07.07-19.15.12:779][  0]LogHMD: Failed to initialize OpenVR with code 108
[2017.07.07-19.15.14:701][  0]LogStats: UGameplayTagsManager::ConstructGameplayTagTree: Construct from data asset -  0.000 s
[2017.07.07-19.15.14:712][  0]LogStats: UGameplayTagsManager::ConstructGameplayTagTree: GameplayTagTreeChangedEvent.Broadcast -  0.003 s
[2017.07.07-19.15.16:092][  0]LogAIModule: Creating AISystem for world Untitled
[2017.07.07-19.15.17:023][  0]LogInit: XAudio2 using 'Headphones (Bose QuietComfort 35 Stereo)' : 2 channels at 44.1 kHz using 16 bits per sample (channel mask 0x3)
[2017.07.07-19.15.17:202][  0]LogInit: FAudioDevice initialized.
[2017.07.07-19.15.17:247][  0]LogDerivedDataCache: Saved boot cache 0.05s 90MB C:/Users/safeb_000/AppData/Local/UnrealEngine/4.16/DerivedDataCache/Boot.ddc.
[2017.07.07-19.15.17:281][  0]LogInit: Texture streaming: Enabled
[2017.07.07-19.15.18:503][  0]LogEngineSessionManager: EngineSessionManager initialized
[2017.07.07-19.15.18:511][  0]LogEngineSessionManager: EngineSessionManager sent abnormal shutdown report. Type=AbnormalShutdown, SessionId={BB7F483C-4167-3BBF-CA9A-57BBFBC02A12}
[2017.07.07-19.15.21:474][  0]LogInit: Transaction tracking system initialized
[2017.07.07-19.15.24:447][  0]BlueprintLog: New page: Editor Load
[2017.07.07-19.15.34:773][  0]LocalizationService: Info Localization service is disabled
[2017.07.07-19.15.37:790][  0]LogConsoleResponse:Display: 
[2017.07.07-19.15.45:246][  0]LogFileCache: Scanning file cache for directory 'C:/Users/safeb_000/Documents/GitHub/Project-KAGE/MyProject/Content/' took 0.07s
[2017.07.07-19.15.45:246][  0]LogCook:Display: Max memory allowance for cook 16384mb min free memory 0mb
[2017.07.07-19.15.45:246][  0]LogCook:Display: Mobile HDR setting 1
[2017.07.07-19.15.56:583][  0]SourceControl: Info Source control is disabled
[2017.07.07-19.15.56:762][  0]Cmd: MAP LOAD FILE="../../../../../../Users/safeb_000/Documents/GitHub/Project-KAGE/MyProject/Content/FirstPersonBP/Maps/FirstPersonExampleMap.umap" TEMPLATE=0 SHOWPROGRESS=1 FEATURELEVEL=3
[2017.07.07-19.15.56:945][  0]LightingResults: New page: Lighting Build
[2017.07.07-19.15.58:019][  0]MapCheck: New page: Map Check
[2017.07.07-19.15.58:019][  0]LightingResults: New page: Lighting Build
[2017.07.07-19.16.10:529][  0]LogAIModule: Creating AISystem for world FirstPersonExampleMap
[2017.07.07-19.16.12:103][  0]LogEditorServer: Finished looking for orphan Actors (0.000 secs)
[2017.07.07-19.16.12:503][  0]Cmd: MAP CHECKDEP NOCLEARLOG
[2017.07.07-19.16.12:640][  0]MapCheck: Info Map check complete: 0 Error(s), 0 Warning(s), took 121.961ms to complete.
[2017.07.07-19.16.12:641][  0]LogFileHelpers: Loading map 'FirstPersonExampleMap' took 15.994
[2017.07.07-19.16.15:951][  0]LogCollectionManager: Loaded 0 collections in 0.034040 seconds
[2017.07.07-19.16.16:358][  0]LogFileCache: Scanning file cache for directory 'C:/Users/safeb_000/Documents/GitHub/Project-KAGE/MyProject/Saved/Collections/' took 0.01s
[2017.07.07-19.16.16:358][  0]LogFileCache: Scanning file cache for directory 'C:/Users/safeb_000/Documents/GitHub/Project-KAGE/MyProject/Content/Developers/safeb000/Collections/' took 0.01s
[2017.07.07-19.16.16:358][  0]LogFileCache: Scanning file cache for directory 'C:/Users/safeb_000/Documents/GitHub/Project-KAGE/MyProject/Content/Collections/' took 0.01s
[2017.07.07-19.16.16:358][  0]LogCollectionManager: Rebuilt the GUID cache for 0 collections in 0.000270 seconds
[2017.07.07-19.16.16:370][  0]LogContentBrowser: Native class hierarchy populated in 0.0106 seconds. Added 2330 classes and 493 folders.
[2017.07.07-19.16.16:509][  0]LogContentBrowser: Native class hierarchy updated for 'WidgetCarousel' in 0.0010 seconds. Added 0 classes and 0 folders.
[2017.07.07-19.16.18:482][  0]LogContentBrowser: Native class hierarchy updated for 'AddContentDialog' in 0.0008 seconds. Added 0 classes and 0 folders.
[2017.07.07-19.16.19:815][  0]LogCrashTracker: Crashtracker disabled due to settings.
[2017.07.07-19.16.20:048][  0]LogSlate: Took 0.027034 seconds to synchronously load lazily loaded font '../../../Engine/Content/Slate/Fonts/Roboto-Regular.ttf' (155K)
[2017.07.07-19.16.20:316][  0]LogSlate: Took 0.033108 seconds to synchronously load lazily loaded font '../../../Engine/Content/Slate/Fonts/Roboto-Bold.ttf' (160K)
[2017.07.07-19.16.20:481][  0]LogSlate: Took 0.056814 seconds to synchronously load lazily loaded font '../../../Engine/Content/Editor/Slate/Fonts/FontAwesome.ttf' (139K)
[2017.07.07-19.16.21:455][  0]LogRenderer: Reallocating scene render targets to support 1056x592 NumSamples 1 (Frame:1).
[2017.07.07-19.16.23:022][  0]LogUObjectGlobals:Warning: Failed to find object 'Class None.'
[2017.07.07-19.16.23:352][  0]LogContentBrowser: Native class hierarchy updated for 'HierarchicalLODOutliner' in 0.0006 seconds. Added 1 classes and 2 folders.
[2017.07.07-19.16.23:352][  0]LogLoad: (Engine Initialization) Total time: 1361.88 seconds
[2017.07.07-19.16.23:352][  0]LogLoad: (Engine Initialization) Total Blueprint compile time: 3.45 seconds
[2017.07.07-19.16.23:352][  0]LogExternalProfiler: Found external profiler: VSPerf
[2017.07.07-19.16.23:352][  0]LogExternalProfiler: Using external profiler: VSPerf
[2017.07.07-19.16.24:350][  0]LogOcInput: OculusInput pre-init called
[2017.07.07-19.16.24:369][  0]LogHMD: Starting GearVRController plugin
[2017.07.07-19.16.24:839][  0]LogContentStreaming: Texture pool size now 1000 MB
[2017.07.07-19.16.25:308][  0]LogSlate: Took 0.011397 seconds to synchronously load lazily loaded font '../../../Engine/Content/Slate/Fonts/Roboto-Light.ttf' (159K)
[2017.07.07-19.16.26:304][  3]LogAssetRegistry: Asset discovery search completed in 158.5517 seconds
[2017.07.07-19.16.26:343][  3]LogCollectionManager: Rebuilt the object cache for 0 collections in 0.000001 seconds (found 0 objects)
[2017.07.07-19.16.26:343][  3]LogCollectionManager: Fixed up redirectors for 0 collections in 0.000058 seconds (updated 0 objects)
[2017.07.07-19.16.31:388][ 37]LogEditorViewport: Clicking on Actor (context menu): StaticMeshActor (Floor)
[2017.07.07-19.16.34:335][ 37]LogEditorViewport: Clicking on Actor (context menu): StaticMeshActor (Floor)
[2017.07.07-19.16.39:963][339]LogEditorViewport: Clicking on Actor (LMB): StaticMeshActor (BigWall2)
[2017.07.07-19.18.11:666][172]LogEditorViewport: Clicking on Actor (LMB): BP_Sky_Sphere_C (SkySphereBlueprint)
[2017.07.07-19.18.13:044][279]LogEditorViewport: Clicking on Actor (LMB): BP_Sky_Sphere_C (SkySphereBlueprint)
[2017.07.07-19.18.14:488][421]LogEditorViewport: Clicking on Actor (LMB): StaticMeshActor (BigWall2)
[2017.07.07-19.18.58:055][105]Cmd: EDIT COPY
[2017.07.07-19.19.07:105][962]LogEditorViewport: Clicking on Actor (LMB): EnemyShadow_C (EnemyShadow)
[2017.07.07-19.20.21:743][636]LogEditorViewport: Clicking on Actor (LMB): EnemyLight_C (EnemyNav)
[2017.07.07-19.20.57:335][600]LogTemp: Repeting last play command: Selected Viewport
[2017.07.07-19.20.57:596][600]LogBlueprintUserMessages: Early PlayInEditor Detection: Level '/Game/FirstPersonBP/Maps/FirstPersonExampleMap.FirstPersonExampleMap:PersistentLevel' has LevelScriptBlueprint '/Game/FirstPersonBP/Maps/FirstPersonExampleMap.FirstPersonExampleMap:PersistentLevel.FirstPersonExampleMap' with GeneratedClass '/Game/FirstPersonBP/Maps/FirstPersonExampleMap.FirstPersonExampleMap_C' with ClassGeneratedBy '/Game/FirstPersonBP/Maps/FirstPersonExampleMap.FirstPersonExampleMap:PersistentLevel.FirstPersonExampleMap'
[2017.07.07-19.20.57:596][600]LogPlayLevel: PlayLevel: No blueprints needed recompiling
[2017.07.07-19.20.57:732][600]PIE: New page: PIE session: FirstPersonExampleMap (7 Jul 2017 21:20:57)
[2017.07.07-19.20.57:743][600]LogPlayLevel: Creating play world package: /Game/FirstPersonBP/Maps/UEDPIE_0_FirstPersonExampleMap
[2017.07.07-19.20.57:912][600]LogPlayLevel: PIE: StaticDuplicateObject took: (0.169275s)
[2017.07.07-19.20.57:913][600]LogAIModule: Creating AISystem for world FirstPersonExampleMap
[2017.07.07-19.20.57:914][600]LogPlayLevel: PIE: World Init took: (0.001471s)
[2017.07.07-19.20.57:927][600]LogPlayLevel: PIE: Created PIE world by copying editor world from /Game/FirstPersonBP/Maps/FirstPersonExampleMap.FirstPersonExampleMap to /Game/FirstPersonBP/Maps/UEDPIE_0_FirstPersonExampleMap.FirstPersonExampleMap (0.183915s)
[2017.07.07-19.20.58:041][600]LogInit: XAudio2 using 'Headphones (Bose QuietComfort 35 Stereo)' : 2 channels at 44.1 kHz using 16 bits per sample (channel mask 0x3)
[2017.07.07-19.20.58:045][600]LogInit: FAudioDevice initialized.
[2017.07.07-19.20.58:167][600]LogLoad: Game class is 'FirstPersonGameMode_C'
[2017.07.07-19.20.58:423][600]LogWorld: Bringing World /Game/FirstPersonBP/Maps/UEDPIE_0_FirstPersonExampleMap.FirstPersonExampleMap up for play (max tick rate 0) at 2017.07.07-20.20.58
[2017.07.07-19.20.58:526][600]LogWorld: Bringing up level for play took: 0.126478
[2017.07.07-19.20.59:370][600]LogContentBrowser: Native class hierarchy updated for 'MovieSceneCapture' in 0.0007 seconds. Added 11 classes and 0 folders.
[2017.07.07-19.20.59:510][600]PIE: Info Play in editor start time for /Game/FirstPersonBP/Maps/UEDPIE_0_FirstPersonExampleMap 2.341
[2017.07.07-19.20.59:511][600]LogBlueprintUserMessages: Late PlayInEditor Detection: Level '/Game/FirstPersonBP/Maps/FirstPersonExampleMap.FirstPersonExampleMap:PersistentLevel' has LevelScriptBlueprint '/Game/FirstPersonBP/Maps/FirstPersonExampleMap.FirstPersonExampleMap:PersistentLevel.FirstPersonExampleMap' with GeneratedClass '/Game/FirstPersonBP/Maps/FirstPersonExampleMap.FirstPersonExampleMap_C' with ClassGeneratedBy '/Game/FirstPersonBP/Maps/FirstPersonExampleMap.FirstPersonExampleMap:PersistentLevel.FirstPersonExampleMap'
[2017.07.07-19.21.15:571][358]LogScriptCore:Warning: Script Msg: Attempted to access index 2 from array pointList of length 2!
[2017.07.07-19.21.15:586][358]LogScript:Warning: Accessed None trying to read property CallFunc_Array_Get_Item
	EnemyShadow_C /Game/FirstPersonBP/Maps/UEDPIE_0_FirstPersonExampleMap.FirstPersonExampleMap:PersistentLevel.EnemyShadow
	Function /Game/EnemyBP/EnemyShadow.EnemyShadow_C:ExecuteUbergraph_EnemyShadow:012F
[2017.07.07-19.21.15:597][358]PIE:Error: Error Blueprint Runtime Error: Accessed None trying to read property CallFunc_Array_Get_Item from function: 'ExecuteUbergraph_EnemyShadow' from node: SetWorldRotation in graph: EventGraph in object: EnemyShadow with description: Accessed None trying to read property CallFunc_Array_Get_Item
[2017.07.07-19.21.15:598][358]LogScriptCore:Warning: Script Msg: Attempted to access index 2 from array pointList of length 2!
[2017.07.07-19.21.15:604][359]LogScriptCore:Warning: Script Msg: Attempted to access index 3 from array pointList of length 2!
[2017.07.07-19.21.15:604][359]LogScript:Warning: Accessed None trying to read property CallFunc_Array_Get_Item
	EnemyShadow_C /Game/FirstPersonBP/Maps/UEDPIE_0_FirstPersonExampleMap.FirstPersonExampleMap:PersistentLevel.EnemyShadow
	Function /Game/EnemyBP/EnemyShadow.EnemyShadow_C:ExecuteUbergraph_EnemyShadow:012F
[2017.07.07-19.21.15:604][359]PIE:Error: Error Blueprint Runtime Error: Accessed None trying to read property CallFunc_Array_Get_Item from function: 'ExecuteUbergraph_EnemyShadow' from node: SetWorldRotation in graph: EventGraph in object: EnemyShadow with description: Accessed None trying to read property CallFunc_Array_Get_Item
[2017.07.07-19.21.15:604][359]LogScriptCore:Warning: Script Msg: Attempted to access index 3 from array pointList of length 2!
[2017.07.07-19.21.32:870][344]LogScriptCore:Warning: Script Msg: Attempted to access index 2 from array pointList of length 2!
[2017.07.07-19.21.32:870][344]LogScript:Warning: Accessed None trying to read property CallFunc_Array_Get_Item
	EnemyShadow_C /Game/FirstPersonBP/Maps/UEDPIE_0_FirstPersonExampleMap.FirstPersonExampleMap:PersistentLevel.EnemyShadow
	Function /Game/EnemyBP/EnemyShadow.EnemyShadow_C:ExecuteUbergraph_EnemyShadow:012F
[2017.07.07-19.21.32:870][344]PIE:Error: Error Blueprint Runtime Error: Accessed None trying to read property CallFunc_Array_Get_Item from function: 'ExecuteUbergraph_EnemyShadow' from node: SetWorldRotation in graph: EventGraph in object: EnemyShadow with description: Accessed None trying to read property CallFunc_Array_Get_Item
[2017.07.07-19.21.32:871][344]LogScriptCore:Warning: Script Msg: Attempted to access index 2 from array pointList of length 2!
[2017.07.07-19.21.32:879][345]LogScriptCore:Warning: Script Msg: Attempted to access index 3 from array pointList of length 2!
[2017.07.07-19.21.32:879][345]LogScript:Warning: Accessed None trying to read property CallFunc_Array_Get_Item
	EnemyShadow_C /Game/FirstPersonBP/Maps/UEDPIE_0_FirstPersonExampleMap.FirstPersonExampleMap:PersistentLevel.EnemyShadow
	Function /Game/EnemyBP/EnemyShadow.EnemyShadow_C:ExecuteUbergraph_EnemyShadow:012F
[2017.07.07-19.21.32:879][345]PIE:Error: Error Blueprint Runtime Error: Accessed None trying to read property CallFunc_Array_Get_Item from function: 'ExecuteUbergraph_EnemyShadow' from node: SetWorldRotation in graph: EventGraph in object: EnemyShadow with description: Accessed None trying to read property CallFunc_Array_Get_Item
[2017.07.07-19.21.32:879][345]LogScriptCore:Warning: Script Msg: Attempted to access index 3 from array pointList of length 2!
[2017.07.07-19.21.34:044][476]LogBlueprintUserMessages: Early EndPlayMap Detection: Level '/Game/FirstPersonBP/Maps/FirstPersonExampleMap.FirstPersonExampleMap:PersistentLevel' has LevelScriptBlueprint '/Game/FirstPersonBP/Maps/FirstPersonExampleMap.FirstPersonExampleMap:PersistentLevel.FirstPersonExampleMap' with GeneratedClass '/Game/FirstPersonBP/Maps/FirstPersonExampleMap.FirstPersonExampleMap_C' with ClassGeneratedBy '/Game/FirstPersonBP/Maps/FirstPersonExampleMap.FirstPersonExampleMap:PersistentLevel.FirstPersonExampleMap'
[2017.07.07-19.21.34:288][476]LogBlueprintUserMessages: Late EndPlayMap Detection: Level '/Game/FirstPersonBP/Maps/FirstPersonExampleMap.FirstPersonExampleMap:PersistentLevel' has LevelScriptBlueprint '/Game/FirstPersonBP/Maps/FirstPersonExampleMap.FirstPersonExampleMap:PersistentLevel.FirstPersonExampleMap' with GeneratedClass '/Game/FirstPersonBP/Maps/FirstPersonExampleMap.FirstPersonExampleMap_C' with ClassGeneratedBy '/Game/FirstPersonBP/Maps/FirstPersonExampleMap.FirstPersonExampleMap:PersistentLevel.FirstPersonExampleMap'
[2017.07.07-19.21.34:661][477]Cmd: SELECT NONE
[2017.07.07-19.21.35:924][621]LogEditorViewport: Clicking on Actor (LMB): EnemyLight_C (EnemyNav)
[2017.07.07-19.21.48:144][565]LogEditorViewport: Clicking on Actor (LMB): EnemyShadow_C (EnemyShadow)
[2017.07.07-19.22.04:057][905]LogSlate: Took 0.000150 seconds to synchronously load lazily loaded font '../../../Engine/Content/Slate/Fonts/Roboto-Light.ttf' (159K)
[2017.07.07-19.22.05:306][905]LogSavePackage: Save=786.82ms
[2017.07.07-19.22.05:306][905]LogSavePackage: Moving '../../../../../../Users/safeb_000/Documents/GitHub/Project-KAGE/MyProject/Saved/FirstPersonExampleMap93C04FEC414D299848FE658C6F859163.tmp' to '../../../../../../Users/safeb_000/Documents/GitHub/Project-KAGE/MyProject/Content/FirstPersonBP/Maps/FirstPersonExampleMap.umap'
[2017.07.07-19.22.05:331][905]LogSavePackage:Display: Finished SavePackage ../../../../../../Users/safeb_000/Documents/GitHub/Project-KAGE/MyProject/Content/FirstPersonBP/Maps/FirstPersonExampleMap.umap
[2017.07.07-19.22.06:399][905]LogSlate: Took 0.019315 seconds to synchronously load lazily loaded font '../../../Engine/Content/Slate/Fonts/Roboto-Regular.ttf' (155K)
[2017.07.07-19.22.07:148][905]LogSavePackage: Save=1693.38ms
[2017.07.07-19.22.07:148][905]LogSavePackage: Moving '../../../../../../Users/safeb_000/Documents/GitHub/Project-KAGE/MyProject/Saved/FirstPersonExampleMap_BuiltData7950910A47A3C2904B2C6DB1D0E66A7E.tmp' to '../../../../../../Users/safeb_000/Documents/GitHub/Project-KAGE/MyProject/Content/FirstPersonBP/Maps/FirstPersonExampleMap_BuiltData.uasset'
[2017.07.07-19.22.07:264][905]LogSavePackage:Display: Finished SavePackage ../../../../../../Users/safeb_000/Documents/GitHub/Project-KAGE/MyProject/Content/FirstPersonBP/Maps/FirstPersonExampleMap_BuiltData.uasset
[2017.07.07-19.22.08:489][988]LogTemp: Repeting last play command: Selected Viewport
[2017.07.07-19.22.08:615][988]LogBlueprintUserMessages: Early PlayInEditor Detection: Level '/Game/FirstPersonBP/Maps/FirstPersonExampleMap.FirstPersonExampleMap:PersistentLevel' has LevelScriptBlueprint '/Game/FirstPersonBP/Maps/FirstPersonExampleMap.FirstPersonExampleMap:PersistentLevel.FirstPersonExampleMap' with GeneratedClass '/Game/FirstPersonBP/Maps/FirstPersonExampleMap.FirstPersonExampleMap_C' with ClassGeneratedBy '/Game/FirstPersonBP/Maps/FirstPersonExampleMap.FirstPersonExampleMap:PersistentLevel.FirstPersonExampleMap'
[2017.07.07-19.22.08:615][988]LogPlayLevel: PlayLevel: No blueprints needed recompiling
[2017.07.07-19.22.08:615][988]PIE: New page: PIE session: FirstPersonExampleMap (7 Jul 2017 21:22:08)
[2017.07.07-19.22.08:615][988]LogPlayLevel: Creating play world package: /Game/FirstPersonBP/Maps/UEDPIE_0_FirstPersonExampleMap
[2017.07.07-19.22.08:949][988]LogPlayLevel: PIE: StaticDuplicateObject took: (0.333179s)
[2017.07.07-19.22.08:949][988]LogAIModule: Creating AISystem for world FirstPersonExampleMap
[2017.07.07-19.22.08:950][988]LogPlayLevel: PIE: World Init took: (0.000778s)
[2017.07.07-19.22.08:950][988]LogPlayLevel: PIE: Created PIE world by copying editor world from /Game/FirstPersonBP/Maps/FirstPersonExampleMap.FirstPersonExampleMap to /Game/FirstPersonBP/Maps/UEDPIE_0_FirstPersonExampleMap.FirstPersonExampleMap (0.334192s)
[2017.07.07-19.22.09:028][988]LogInit: XAudio2 using 'Headphones (Bose QuietComfort 35 Stereo)' : 2 channels at 44.1 kHz using 16 bits per sample (channel mask 0x3)
[2017.07.07-19.22.09:032][988]LogInit: FAudioDevice initialized.
[2017.07.07-19.22.18:019][988]LogLoad: Game class is 'FirstPersonGameMode_C'
[2017.07.07-19.22.18:024][988]LogWorld: Bringing World /Game/FirstPersonBP/Maps/UEDPIE_0_FirstPersonExampleMap.FirstPersonExampleMap up for play (max tick rate 0) at 2017.07.07-20.22.18
[2017.07.07-19.22.18:025][988]LogWorld: Bringing up level for play took: 0.004942
[2017.07.07-19.22.18:027][988]PIE: Info Play in editor start time for /Game/FirstPersonBP/Maps/UEDPIE_0_FirstPersonExampleMap 8.857
[2017.07.07-19.22.18:027][988]LogBlueprintUserMessages: Late PlayInEditor Detection: Level '/Game/FirstPersonBP/Maps/FirstPersonExampleMap.FirstPersonExampleMap:PersistentLevel' has LevelScriptBlueprint '/Game/FirstPersonBP/Maps/FirstPersonExampleMap.FirstPersonExampleMap:PersistentLevel.FirstPersonExampleMap' with GeneratedClass '/Game/FirstPersonBP/Maps/FirstPersonExampleMap.FirstPersonExampleMap_C' with ClassGeneratedBy '/Game/FirstPersonBP/Maps/FirstPersonExampleMap.FirstPersonExampleMap:PersistentLevel.FirstPersonExampleMap'
[2017.07.07-19.23.03:081][141]LogScriptCore:Warning: Script Msg: Attempted to access index 5 from array pointList of length 5!
[2017.07.07-19.23.03:081][141]LogScript:Warning: Accessed None trying to read property CallFunc_Array_Get_Item
	EnemyShadow_C /Game/FirstPersonBP/Maps/UEDPIE_0_FirstPersonExampleMap.FirstPersonExampleMap:PersistentLevel.EnemyShadow
	Function /Game/EnemyBP/EnemyShadow.EnemyShadow_C:ExecuteUbergraph_EnemyShadow:012F
[2017.07.07-19.23.03:081][141]PIE:Error: Error Blueprint Runtime Error: Accessed None trying to read property CallFunc_Array_Get_Item from function: 'ExecuteUbergraph_EnemyShadow' from node: SetWorldRotation in graph: EventGraph in object: EnemyShadow with description: Accessed None trying to read property CallFunc_Array_Get_Item
[2017.07.07-19.23.03:081][141]LogScriptCore:Warning: Script Msg: Attempted to access index 5 from array pointList of length 5!
[2017.07.07-19.23.03:089][142]LogScriptCore:Warning: Script Msg: Attempted to access index 6 from array pointList of length 5!
[2017.07.07-19.23.03:089][142]LogScript:Warning: Accessed None trying to read property CallFunc_Array_Get_Item
	EnemyShadow_C /Game/FirstPersonBP/Maps/UEDPIE_0_FirstPersonExampleMap.FirstPersonExampleMap:PersistentLevel.EnemyShadow
	Function /Game/EnemyBP/EnemyShadow.EnemyShadow_C:ExecuteUbergraph_EnemyShadow:012F
[2017.07.07-19.23.03:089][142]PIE:Error: Error Blueprint Runtime Error: Accessed None trying to read property CallFunc_Array_Get_Item from function: 'ExecuteUbergraph_EnemyShadow' from node: SetWorldRotation in graph: EventGraph in object: EnemyShadow with description: Accessed None trying to read property CallFunc_Array_Get_Item
[2017.07.07-19.23.03:089][142]LogScriptCore:Warning: Script Msg: Attempted to access index 6 from array pointList of length 5!
[2017.07.07-19.23.39:819][322]LogScriptCore:Warning: Script Msg: Attempted to access index 2 from array pointList of length 2!
[2017.07.07-19.23.39:819][322]LogScript:Warning: Accessed None trying to read property CallFunc_Array_Get_Item
	EnemyLight_C /Game/FirstPersonBP/Maps/UEDPIE_0_FirstPersonExampleMap.FirstPersonExampleMap:PersistentLevel.EnemyNav
	Function /Game/EnemyBP/EnemyLight.EnemyLight_C:ExecuteUbergraph_EnemyLight:012F
[2017.07.07-19.23.39:819][322]PIE:Error: Error Blueprint Runtime Error: Accessed None trying to read property CallFunc_Array_Get_Item from function: 'ExecuteUbergraph_EnemyLight' from node: SetWorldRotation in graph: EventGraph in object: EnemyLight with description: Accessed None trying to read property CallFunc_Array_Get_Item
[2017.07.07-19.23.39:819][322]LogScriptCore:Warning: Script Msg: Attempted to access index 2 from array pointList of length 2!
[2017.07.07-19.23.39:828][323]LogScriptCore:Warning: Script Msg: Attempted to access index 3 from array pointList of length 2!
[2017.07.07-19.23.39:828][323]LogScript:Warning: Accessed None trying to read property CallFunc_Array_Get_Item
	EnemyLight_C /Game/FirstPersonBP/Maps/UEDPIE_0_FirstPersonExampleMap.FirstPersonExampleMap:PersistentLevel.EnemyNav
	Function /Game/EnemyBP/EnemyLight.EnemyLight_C:ExecuteUbergraph_EnemyLight:012F
[2017.07.07-19.23.39:828][323]PIE:Error: Error Blueprint Runtime Error: Accessed None trying to read property CallFunc_Array_Get_Item from function: 'ExecuteUbergraph_EnemyLight' from node: SetWorldRotation in graph: EventGraph in object: EnemyLight with description: Accessed None trying to read property CallFunc_Array_Get_Item
[2017.07.07-19.23.39:828][323]LogScriptCore:Warning: Script Msg: Attempted to access index 3 from array pointList of length 2!
[2017.07.07-19.23.50:327][538]LogScriptCore:Warning: Script Msg: Attempted to access index 5 from array pointList of length 5!
[2017.07.07-19.23.50:327][538]LogScript:Warning: Accessed None trying to read property CallFunc_Array_Get_Item
	EnemyShadow_C /Game/FirstPersonBP/Maps/UEDPIE_0_FirstPersonExampleMap.FirstPersonExampleMap:PersistentLevel.EnemyShadow
	Function /Game/EnemyBP/EnemyShadow.EnemyShadow_C:ExecuteUbergraph_EnemyShadow:012F
[2017.07.07-19.23.50:327][538]PIE:Error: Error Blueprint Runtime Error: Accessed None trying to read property CallFunc_Array_Get_Item from function: 'ExecuteUbergraph_EnemyShadow' from node: SetWorldRotation in graph: EventGraph in object: EnemyShadow with description: Accessed None trying to read property CallFunc_Array_Get_Item
[2017.07.07-19.23.50:327][538]LogScriptCore:Warning: Script Msg: Attempted to access index 5 from array pointList of length 5!
[2017.07.07-19.23.50:335][539]LogScriptCore:Warning: Script Msg: Attempted to access index 6 from array pointList of length 5!
[2017.07.07-19.23.50:336][539]LogScript:Warning: Accessed None trying to read property CallFunc_Array_Get_Item
	EnemyShadow_C /Game/FirstPersonBP/Maps/UEDPIE_0_FirstPersonExampleMap.FirstPersonExampleMap:PersistentLevel.EnemyShadow
	Function /Game/EnemyBP/EnemyShadow.EnemyShadow_C:ExecuteUbergraph_EnemyShadow:012F
[2017.07.07-19.23.50:336][539]PIE:Error: Error Blueprint Runtime Error: Accessed None trying to read property CallFunc_Array_Get_Item from function: 'ExecuteUbergraph_EnemyShadow' from node: SetWorldRotation in graph: EventGraph in object: EnemyShadow with description: Accessed None trying to read property CallFunc_Array_Get_Item
[2017.07.07-19.23.50:336][539]LogScriptCore:Warning: Script Msg: Attempted to access index 6 from array pointList of length 5!
[2017.07.07-19.24.31:109][207]LogScriptCore:Warning: Script Msg: Attempted to access index 5 from array pointList of length 5!
[2017.07.07-19.24.31:109][207]LogScript:Warning: Accessed None trying to read property CallFunc_Array_Get_Item
	EnemyShadow_C /Game/FirstPersonBP/Maps/UEDPIE_0_FirstPersonExampleMap.FirstPersonExampleMap:PersistentLevel.EnemyShadow
	Function /Game/EnemyBP/EnemyShadow.EnemyShadow_C:ExecuteUbergraph_EnemyShadow:012F
[2017.07.07-19.24.31:109][207]PIE:Error: Error Blueprint Runtime Error: Accessed None trying to read property CallFunc_Array_Get_Item from function: 'ExecuteUbergraph_EnemyShadow' from node: SetWorldRotation in graph: EventGraph in object: EnemyShadow with description: Accessed None trying to read property CallFunc_Array_Get_Item
[2017.07.07-19.24.31:109][207]LogScriptCore:Warning: Script Msg: Attempted to access index 5 from array pointList of length 5!
[2017.07.07-19.24.31:118][208]LogScriptCore:Warning: Script Msg: Attempted to access index 6 from array pointList of length 5!
[2017.07.07-19.24.31:118][208]LogScript:Warning: Accessed None trying to read property CallFunc_Array_Get_Item
	EnemyShadow_C /Game/FirstPersonBP/Maps/UEDPIE_0_FirstPersonExampleMap.FirstPersonExampleMap:PersistentLevel.EnemyShadow
	Function /Game/EnemyBP/EnemyShadow.EnemyShadow_C:ExecuteUbergraph_EnemyShadow:012F
[2017.07.07-19.24.31:119][208]PIE:Error: Error Blueprint Runtime Error: Accessed None trying to read property CallFunc_Array_Get_Item from function: 'ExecuteUbergraph_EnemyShadow' from node: SetWorldRotation in graph: EventGraph in object: EnemyShadow with description: Accessed None trying to read property CallFunc_Array_Get_Item
[2017.07.07-19.24.31:119][208]LogScriptCore:Warning: Script Msg: Attempted to access index 6 from array pointList of length 5!
[2017.07.07-19.24.49:064][262]LogScriptCore:Warning: Script Msg: Attempted to access index 2 from array pointList of length 2!
[2017.07.07-19.24.49:064][262]LogScript:Warning: Accessed None trying to read property CallFunc_Array_Get_Item
	EnemyLight_C /Game/FirstPersonBP/Maps/UEDPIE_0_FirstPersonExampleMap.FirstPersonExampleMap:PersistentLevel.EnemyNav
	Function /Game/EnemyBP/EnemyLight.EnemyLight_C:ExecuteUbergraph_EnemyLight:012F
[2017.07.07-19.24.49:064][262]PIE:Error: Error Blueprint Runtime Error: Accessed None trying to read property CallFunc_Array_Get_Item from function: 'ExecuteUbergraph_EnemyLight' from node: SetWorldRotation in graph: EventGraph in object: EnemyLight with description: Accessed None trying to read property CallFunc_Array_Get_Item
[2017.07.07-19.24.49:064][262]LogScriptCore:Warning: Script Msg: Attempted to access index 2 from array pointList of length 2!
[2017.07.07-19.24.49:072][263]LogScriptCore:Warning: Script Msg: Attempted to access index 3 from array pointList of length 2!
[2017.07.07-19.24.49:072][263]LogScript:Warning: Accessed None trying to read property CallFunc_Array_Get_Item
	EnemyLight_C /Game/FirstPersonBP/Maps/UEDPIE_0_FirstPersonExampleMap.FirstPersonExampleMap:PersistentLevel.EnemyNav
	Function /Game/EnemyBP/EnemyLight.EnemyLight_C:ExecuteUbergraph_EnemyLight:012F
[2017.07.07-19.24.49:072][263]PIE:Error: Error Blueprint Runtime Error: Accessed None trying to read property CallFunc_Array_Get_Item from function: 'ExecuteUbergraph_EnemyLight' from node: SetWorldRotation in graph: EventGraph in object: EnemyLight with description: Accessed None trying to read property CallFunc_Array_Get_Item
[2017.07.07-19.24.49:072][263]LogScriptCore:Warning: Script Msg: Attempted to access index 3 from array pointList of length 2!
[2017.07.07-19.25.13:127][ 52]LogScriptCore:Warning: Script Msg: Attempted to access index 5 from array pointList of length 5!
[2017.07.07-19.25.13:127][ 52]LogScript:Warning: Accessed None trying to read property CallFunc_Array_Get_Item
	EnemyShadow_C /Game/FirstPersonBP/Maps/UEDPIE_0_FirstPersonExampleMap.FirstPersonExampleMap:PersistentLevel.EnemyShadow
	Function /Game/EnemyBP/EnemyShadow.EnemyShadow_C:ExecuteUbergraph_EnemyShadow:012F
[2017.07.07-19.25.13:128][ 52]PIE:Error: Error Blueprint Runtime Error: Accessed None trying to read property CallFunc_Array_Get_Item from function: 'ExecuteUbergraph_EnemyShadow' from node: SetWorldRotation in graph: EventGraph in object: EnemyShadow with description: Accessed None trying to read property CallFunc_Array_Get_Item
[2017.07.07-19.25.13:128][ 52]LogScriptCore:Warning: Script Msg: Attempted to access index 5 from array pointList of length 5!
[2017.07.07-19.25.13:136][ 53]LogScriptCore:Warning: Script Msg: Attempted to access index 6 from array pointList of length 5!
[2017.07.07-19.25.13:137][ 53]LogScript:Warning: Accessed None trying to read property CallFunc_Array_Get_Item
	EnemyShadow_C /Game/FirstPersonBP/Maps/UEDPIE_0_FirstPersonExampleMap.FirstPersonExampleMap:PersistentLevel.EnemyShadow
	Function /Game/EnemyBP/EnemyShadow.EnemyShadow_C:ExecuteUbergraph_EnemyShadow:012F
[2017.07.07-19.25.13:137][ 53]PIE:Error: Error Blueprint Runtime Error: Accessed None trying to read property CallFunc_Array_Get_Item from function: 'ExecuteUbergraph_EnemyShadow' from node: SetWorldRotation in graph: EventGraph in object: EnemyShadow with description: Accessed None trying to read property CallFunc_Array_Get_Item
[2017.07.07-19.25.13:137][ 53]LogScriptCore:Warning: Script Msg: Attempted to access index 6 from array pointList of length 5!
[2017.07.07-19.25.31:425][156]LogBlueprintUserMessages: Early EndPlayMap Detection: Level '/Game/FirstPersonBP/Maps/FirstPersonExampleMap.FirstPersonExampleMap:PersistentLevel' has LevelScriptBlueprint '/Game/FirstPersonBP/Maps/FirstPersonExampleMap.FirstPersonExampleMap:PersistentLevel.FirstPersonExampleMap' with GeneratedClass '/Game/FirstPersonBP/Maps/FirstPersonExampleMap.FirstPersonExampleMap_C' with ClassGeneratedBy '/Game/FirstPersonBP/Maps/FirstPersonExampleMap.FirstPersonExampleMap:PersistentLevel.FirstPersonExampleMap'
[2017.07.07-19.25.31:484][156]LogBlueprintUserMessages: Late EndPlayMap Detection: Level '/Game/FirstPersonBP/Maps/FirstPersonExampleMap.FirstPersonExampleMap:PersistentLevel' has LevelScriptBlueprint '/Game/FirstPersonBP/Maps/FirstPersonExampleMap.FirstPersonExampleMap:PersistentLevel.FirstPersonExampleMap' with GeneratedClass '/Game/FirstPersonBP/Maps/FirstPersonExampleMap.FirstPersonExampleMap_C' with ClassGeneratedBy '/Game/FirstPersonBP/Maps/FirstPersonExampleMap.FirstPersonExampleMap:PersistentLevel.FirstPersonExampleMap'
[2017.07.07-19.25.34:235][375]LogWindowsTextInputMethodSystem:Display: IME system now deactivated.
[2017.07.07-19.25.35:045][376]Cmd: QUIT_EDITOR
[2017.07.07-19.25.35:788][376]LogExit: Preparing to exit.
[2017.07.07-19.25.37:818][376]LogDirectoryWatcher: A directory notification for 'C:/Users/safeb_000/Documents/GitHub/Project-KAGE/MyProject/Content/' was aborted.
[2017.07.07-19.25.37:999][376]LogExit: Editor shut down
[2017.07.07-19.25.38:005][376]LogExit: Transaction tracking system shut down
[2017.07.07-19.25.41:532][376]LogObj: Freed 0b from 0 cluster array pools.
[2017.07.07-19.25.41:532][376]LogExit: Object subsystem successfully closed.
[2017.07.07-19.25.41:879][376]LogD3D11RHI: Shutdown
[2017.07.07-19.25.41:879][376]LogD3D11RHI: CleanupD3DDevice
[2017.07.07-19.25.42:215][376]LogD3D11RHI: ~FD3D11DynamicRHI
[2017.07.07-19.25.44:475][376]LogModuleManager: Shutting down and abandoning module MovieSceneCapture (526)
[2017.07.07-19.25.44:475][376]LogModuleManager: Shutting down and abandoning module HierarchicalLODOutliner (524)
[2017.07.07-19.25.44:527][376]LogModuleManager: Shutting down and abandoning module CrashTracker (522)
[2017.07.07-19.25.44:527][376]LogModuleManager: Shutting down and abandoning module AddContentDialog (520)
[2017.07.07-19.25.44:571][376]LogDirectoryWatcher: A directory notification for 'C:/Program Files/Epic Games/UE_4.16/FeaturePacks/' was aborted.
[2017.07.07-19.25.44:592][376]LogModuleManager: Shutting down and abandoning module WidgetCarousel (519)
[2017.07.07-19.25.44:592][376]LogModuleManager: Shutting down and abandoning module EditorWidgets (516)
[2017.07.07-19.25.44:592][376]LogModuleManager: Shutting down and abandoning module CollectionManager (514)
[2017.07.07-19.25.44:593][376]LogDirectoryWatcher: A directory notification for 'C:/Users/safeb_000/Documents/GitHub/Project-KAGE/MyProject/Content/Collections/' was aborted.
[2017.07.07-19.25.44:593][376]LogDirectoryWatcher: A directory notification for 'C:/Users/safeb_000/Documents/GitHub/Project-KAGE/MyProject/Content/Developers/safeb000/Collections/' was aborted.
[2017.07.07-19.25.44:593][376]LogDirectoryWatcher: A directory notification for 'C:/Users/safeb_000/Documents/GitHub/Project-KAGE/MyProject/Saved/Collections/' was aborted.
[2017.07.07-19.25.44:593][376]LogModuleManager: Shutting down and abandoning module SceneOutliner (512)
[2017.07.07-19.25.44:593][376]LogModuleManager: Shutting down and abandoning module StatsViewer (510)
[2017.07.07-19.25.44:621][376]LogModuleManager: Shutting down and abandoning module FoliageEdit (508)
[2017.07.07-19.25.44:621][376]LogModuleManager: Shutting down and abandoning module LandscapeEditor (506)
[2017.07.07-19.25.44:725][376]LogModuleManager: Shutting down and abandoning module MeshPaintMode (504)
[2017.07.07-19.25.44:725][376]LogModuleManager: Shutting down and abandoning module SceneDepthPickerMode (502)
[2017.07.07-19.25.44:725][376]LogModuleManager: Shutting down and abandoning module ActorPickerMode (500)
[2017.07.07-19.25.44:725][376]LogModuleManager: Shutting down and abandoning module GeometryMode (498)
[2017.07.07-19.25.44:725][376]LogModuleManager: Shutting down and abandoning module TextureAlignMode (496)
[2017.07.07-19.25.44:725][376]LogModuleManager: Shutting down and abandoning module BspMode (494)
[2017.07.07-19.25.44:755][376]LogModuleManager: Shutting down and abandoning module HardwareSurvey (492)
[2017.07.07-19.25.44:763][376]LogModuleManager: Shutting down and abandoning module SequenceRecorderSections (490)
[2017.07.07-19.25.44:785][376]LogModuleManager: Shutting down and abandoning module AutomationWorker (488)
[2017.07.07-19.25.44:797][376]LogModuleManager: Shutting down and abandoning module MatineeToLevelSequence (486)
[2017.07.07-19.25.44:814][376]LogModuleManager: Shutting down and abandoning module LevelSequenceEditor (484)
[2017.07.07-19.25.45:018][376]LogModuleManager: Shutting down and abandoning module PlacementMode (483)
[2017.07.07-19.25.45:018][376]LogModuleManager: Shutting down and abandoning module WmfMediaFactory (480)
[2017.07.07-19.25.45:018][376]LogModuleManager: Shutting down and abandoning module WmfMediaEditor (478)
[2017.07.07-19.25.45:019][376]LogModuleManager: Shutting down and abandoning module AvfMediaFactory (476)
[2017.07.07-19.25.45:019][376]LogModuleManager: Shutting down and abandoning module AvfMediaEditor (474)
[2017.07.07-19.25.45:019][376]LogModuleManager: Shutting down and abandoning module AndroidMediaFactory (472)
[2017.07.07-19.25.45:019][376]LogModuleManager: Shutting down and abandoning module Media (471)
[2017.07.07-19.25.45:019][376]LogModuleManager: Shutting down and abandoning module AndroidMediaEditor (468)
[2017.07.07-19.25.45:019][376]LogModuleManager: Shutting down and abandoning module CharacterAI (466)
[2017.07.07-19.25.45:019][376]LogModuleManager: Shutting down and abandoning module AudioCapture (464)
[2017.07.07-19.25.45:118][376]LogModuleManager: Shutting down and abandoning module SequenceRecorder (463)
[2017.07.07-19.25.45:225][376]LogModuleManager: Shutting down and abandoning module SmartSnapping (460)
[2017.07.07-19.25.45:225][376]LogModuleManager: Shutting down and abandoning module SessionServices (458)
[2017.07.07-19.25.45:226][376]LogModuleManager: Shutting down and abandoning module ViewportSnapping (456)
[2017.07.07-19.25.45:226][376]LogModuleManager: Shutting down and abandoning module ViewportInteraction (454)
[2017.07.07-19.25.45:226][376]LogModuleManager: Shutting down and abandoning module ClothPainter (452)
[2017.07.07-19.25.45:316][376]LogModuleManager: Shutting down and abandoning module LogVisualizer (450)
[2017.07.07-19.25.45:376][376]LogModuleManager: Shutting down and abandoning module IntroTutorials (448)
[2017.07.07-19.25.45:451][376]LogModuleManager: Shutting down and abandoning module GameProjectGeneration (447)
[2017.07.07-19.25.45:590][376]LogModuleManager: Shutting down and abandoning module EditorLiveStreaming (444)
[2017.07.07-19.25.45:590][376]LogModuleManager: Shutting down and abandoning module IOSPlatformEditor (442)
[2017.07.07-19.25.45:687][376]LogModuleManager: Shutting down and abandoning module HTML5PlatformEditor (440)
[2017.07.07-19.25.45:687][376]LogModuleManager: Shutting down and abandoning module AndroidPlatformEditor (438)
[2017.07.07-19.25.45:687][376]LogModuleManager: Shutting down and abandoning module AndroidDeviceDetection (437)
[2017.07.07-19.25.46:343][376]LogModuleManager: Shutting down and abandoning module IOSRuntimeSettings (434)
[2017.07.07-19.25.46:343][376]LogModuleManager: Shutting down and abandoning module AndroidRuntimeSettings (432)
[2017.07.07-19.25.46:343][376]LogModuleManager: Shutting down and abandoning module InputBindingEditor (430)
[2017.07.07-19.25.46:363][376]LogModuleManager: Shutting down and abandoning module MergeActors (428)
[2017.07.07-19.25.46:370][376]LogModuleManager: Shutting down and abandoning module SizeMap (426)
[2017.07.07-19.25.46:370][376]LogModuleManager: Shutting down and abandoning module TreeMap (424)
[2017.07.07-19.25.46:373][376]LogModuleManager: Shutting down and abandoning module ReferenceViewer (422)
[2017.07.07-19.25.46:375][376]LogModuleManager: Shutting down and abandoning module LocalizationDashboard (420)
[2017.07.07-19.25.46:388][376]LogModuleManager: Shutting down and abandoning module LocalizationService (419)
[2017.07.07-19.25.46:396][376]LogModuleManager: Shutting down and abandoning module HardwareTargeting (416)
[2017.07.07-19.25.46:396][376]LogModuleManager: Shutting down and abandoning module DeviceProfileEditor (414)
[2017.07.07-19.25.46:413][376]LogModuleManager: Shutting down and abandoning module UndoHistory (412)
[2017.07.07-19.25.46:424][376]LogModuleManager: Shutting down and abandoning module UserFeedback (410)
[2017.07.07-19.25.46:424][376]LogModuleManager: Shutting down and abandoning module XmlParser (408)
[2017.07.07-19.25.46:433][376]LogModuleManager: Shutting down and abandoning module Blutility (406)
[2017.07.07-19.25.46:446][376]LogModuleManager: Shutting down and abandoning module ProjectSettingsViewer (404)
[2017.07.07-19.25.46:446][376]LogModuleManager: Shutting down and abandoning module ProjectTargetPlatformEditor (403)
[2017.07.07-19.25.46:446][376]LogModuleManager: Shutting down and abandoning module EditorSettingsViewer (400)
[2017.07.07-19.25.46:446][376]LogModuleManager: Shutting down and abandoning module SettingsEditor (398)
[2017.07.07-19.25.46:455][376]LogModuleManager: Shutting down and abandoning module ProjectLauncher (396)
[2017.07.07-19.25.46:460][376]LogModuleManager: Shutting down and abandoning module SessionFrontend (394)
[2017.07.07-19.25.46:468][376]LogModuleManager: Shutting down and abandoning module ProfilerClient (392)
[2017.07.07-19.25.46:481][376]LogModuleManager: Shutting down and abandoning module DeviceManager (390)
[2017.07.07-19.25.46:512][376]LogModuleManager: Shutting down and abandoning module TargetDeviceServices (389)
[2017.07.07-19.25.46:554][376]LogModuleManager: Shutting down and abandoning module AutomationController (386)
[2017.07.07-19.25.46:582][376]LogModuleManager: Shutting down and abandoning module AutomationWindow (384)
[2017.07.07-19.25.46:636][376]LogModuleManager: Shutting down and abandoning module Layers (382)
[2017.07.07-19.25.46:654][376]LogModuleManager: Shutting down and abandoning module ComponentVisualizers (380)
[2017.07.07-19.25.46:654][376]LogModuleManager: Shutting down and abandoning module DetailCustomizations (378)
[2017.07.07-19.25.46:666][376]LogModuleManager: Shutting down and abandoning module PackagesDialog (376)
[2017.07.07-19.25.46:675][376]LogModuleManager: Shutting down and abandoning module Persona (374)
[2017.07.07-19.25.46:699][376]LogModuleManager: Shutting down and abandoning module AdvancedPreviewScene (373)
[2017.07.07-19.25.46:699][376]LogModuleManager: Shutting down and abandoning module AnimGraph (371)
[2017.07.07-19.25.46:699][376]LogModuleManager: Shutting down and abandoning module Kismet (368)
[2017.07.07-19.25.46:709][376]LogModuleManager: Shutting down and abandoning module ClassViewer (366)
[2017.07.07-19.25.46:709][376]LogModuleManager: Shutting down and abandoning module Toolbox (364)
[2017.07.07-19.25.46:710][376]LogModuleManager: Shutting down and abandoning module ModuleUI (362)
[2017.07.07-19.25.46:724][376]LogModuleManager: Shutting down and abandoning module MovieSceneTools (360)
[2017.07.07-19.25.46:784][376]LogModuleManager: Shutting down and abandoning module OutputLog (358)
[2017.07.07-19.25.46:795][376]LogModuleManager: Shutting down and abandoning module GammaUI (356)
[2017.07.07-19.25.46:803][376]LogModuleManager: Shutting down and abandoning module Documentation (354)
[2017.07.07-19.25.46:803][376]LogModuleManager: Shutting down and abandoning module MovieSceneTracks (352)
[2017.07.07-19.25.46:803][376]LogModuleManager: Shutting down and abandoning module MovieScene (350)
[2017.07.07-19.25.46:803][376]LogModuleManager: Shutting down and abandoning module Niagara (348)
[2017.07.07-19.25.46:803][376]LogModuleManager: Shutting down and abandoning module NiagaraEditor (347)
[2017.07.07-19.25.46:825][376]LogModuleManager: Shutting down and abandoning module StreamingPauseRendering (344)
[2017.07.07-19.25.46:825][376]LogModuleManager: Shutting down and abandoning module AnalyticsET (342)
[2017.07.07-19.25.46:825][376]LogModuleManager: Shutting down and abandoning module PortalServices (340)
[2017.07.07-19.25.46:825][376]LogModuleManager: Shutting down and abandoning module PortalRpc (338)
[2017.07.07-19.25.46:825][376]LogModuleManager: Shutting down and abandoning module MessagingRpc (336)
[2017.07.07-19.25.46:825][376]LogModuleManager: Shutting down and abandoning module AIModule (334)
[2017.07.07-19.25.46:825][376]LogModuleManager: Shutting down and abandoning module GameplayDebugger (333)
[2017.07.07-19.25.46:825][376]LogModuleManager: Shutting down and abandoning module AITestSuite (331)
[2017.07.07-19.25.46:835][376]LogModuleManager: Shutting down and abandoning module ProfilerService (328)
[2017.07.07-19.25.46:954][376]LogModuleManager: Shutting down and abandoning module TaskGraph (326)
[2017.07.07-19.25.46:969][376]LogModuleManager: Shutting down and abandoning module SteamVRController (324)
[2017.07.07-19.25.46:969][376]LogModuleManager: Shutting down and abandoning module SteamVR (322)
[2017.07.07-19.25.46:969][376]LogModuleManager: Shutting down and abandoning module ProceduralMeshComponentEditor (320)
[2017.07.07-19.25.46:985][376]LogModuleManager: Shutting down and abandoning module ProceduralMeshComponent (318)
[2017.07.07-19.25.46:999][376]LogModuleManager: Shutting down and abandoning module OculusLibrary (316)
[2017.07.07-19.25.46:999][376]LogModuleManager: Shutting down and abandoning module OculusInput (314)
[2017.07.07-19.25.46:999][376]LogModuleManager: Shutting down and abandoning module MobilePatchingUtils (312)
[2017.07.07-19.25.46:999][376]LogModuleManager: Shutting down and abandoning module CustomMeshComponent (310)
[2017.07.07-19.25.46:999][376]LogModuleManager: Shutting down and abandoning module CableComponent (308)
[2017.07.07-19.25.47:010][376]LogModuleManager: Shutting down and abandoning module ArchVisCharacter (306)
[2017.07.07-19.25.47:010][376]LogModuleManager: Shutting down and abandoning module AndroidPermission (304)
[2017.07.07-19.25.47:010][376]LogModuleManager: Shutting down and abandoning module MediaPlayerEditor (300)
[2017.07.07-19.25.47:032][376]LogModuleManager: Shutting down and abandoning module HTML5Networking (298)
[2017.07.07-19.25.47:032][376]LogModuleManager: Shutting down and abandoning module AlembicImporter (296)
[2017.07.07-19.25.47:049][376]LogModuleManager: Shutting down and abandoning module AlembicLibrary (295)
[2017.07.07-19.25.47:049][376]LogModuleManager: Shutting down and abandoning module GeometryCache (294)
[2017.07.07-19.25.47:055][376]LogModuleManager: Shutting down and abandoning module GeometryCacheEd (293)
[2017.07.07-19.25.47:055][376]LogModuleManager: Shutting down and abandoning module SuperSearchEditor (288)
[2017.07.07-19.25.47:055][376]LogModuleManager: Shutting down and abandoning module SuperSearch (287)
[2017.07.07-19.25.47:055][376]LogModuleManager: Shutting down and abandoning module SpeedTreeImporter (284)
[2017.07.07-19.25.47:055][376]LogModuleManager: Shutting down and abandoning module PluginBrowser (282)
[2017.07.07-19.25.47:088][376]LogModuleManager: Shutting down and abandoning module MobileLauncherProfileWizard (280)
[2017.07.07-19.25.47:107][376]LogModuleManager: Shutting down and abandoning module VisualStudioSourceCodeAccess (278)
[2017.07.07-19.25.47:107][376]LogModuleManager: Shutting down and abandoning module DesktopPlatform (277)
[2017.07.07-19.25.47:107][376]LogModuleManager: Shutting down and abandoning module UObjectPlugin (274)
[2017.07.07-19.25.47:107][376]LogModuleManager: Shutting down and abandoning module SubversionSourceControl (272)
[2017.07.07-19.25.47:128][376]LogModuleManager: Shutting down and abandoning module PerforceSourceControl (270)
[2017.07.07-19.25.47:148][376]LogModuleManager: Shutting down and abandoning module GitSourceControl (268)
[2017.07.07-19.25.47:170][376]LogModuleManager: Shutting down and abandoning module SourceControl (267)
[2017.07.07-19.25.47:170][376]LogModuleManager: Shutting down and abandoning module LightPropagationVolumeEditor (264)
[2017.07.07-19.25.47:170][376]LogModuleManager: Shutting down and abandoning module PaperTiledImporter (262)
[2017.07.07-19.25.47:170][376]LogModuleManager: Shutting down and abandoning module PaperSpriteSheetImporter (260)
[2017.07.07-19.25.47:170][376]LogModuleManager: Shutting down and abandoning module Paper2DEditor (258)
[2017.07.07-19.25.47:183][376]LogModuleManager: Shutting down and abandoning module MeshPaint (257)
[2017.07.07-19.25.47:194][376]LogModuleManager: Shutting down and abandoning module LevelEditor (255)
[2017.07.07-19.25.47:198][376]LogModuleManager: Shutting down and abandoning module PixelInspectorModule (254)
[2017.07.07-19.25.47:209][376]LogModuleManager: Shutting down and abandoning module MainFrame (252)
[2017.07.07-19.25.47:217][376]LogModuleManager: Shutting down and abandoning module HotReload (251)
[2017.07.07-19.25.47:222][376]LogModuleManager: Shutting down and abandoning module PhysXVehiclesEditor (246)
[2017.07.07-19.25.47:235][376]LogModuleManager: Shutting down and abandoning module PhysXVehicles (244)
[2017.07.07-19.25.47:235][376]LogModuleManager: Shutting down and abandoning module LocationServicesBPLibrary (242)
[2017.07.07-19.25.47:235][376]LogModuleManager: Shutting down and abandoning module ImmediatePhysicsEditor (240)
[2017.07.07-19.25.47:235][376]LogModuleManager: Shutting down and abandoning module ImmediatePhysics (238)
[2017.07.07-19.25.47:246][376]LogModuleManager: Shutting down and abandoning module UdpMessaging (236)
[2017.07.07-19.25.47:346][376]LogModuleManager: Shutting down and abandoning module TcpMessaging (234)
[2017.07.07-19.25.47:467][376]LogModuleManager: Shutting down and abandoning module GameplayTagsEditor (232)
[2017.07.07-19.25.47:500][376]LogModuleManager: Shutting down and abandoning module FacialAnimationEditor (230)
[2017.07.07-19.25.47:516][376]LogModuleManager: Shutting down and abandoning module FacialAnimation (228)
[2017.07.07-19.25.47:516][376]LogModuleManager: Shutting down and abandoning module AssetManagerEditor (226)
[2017.07.07-19.25.47:539][376]LogModuleManager: Shutting down and abandoning module GraphEditor (225)
[2017.07.07-19.25.47:602][376]LogModuleManager: Shutting down and abandoning module ContentBrowser (223)
[2017.07.07-19.25.47:603][376]LogModuleManager: Shutting down and abandoning module LightPropagationVolumeRuntime (220)
[2017.07.07-19.25.47:603][376]LogModuleManager: Shutting down and abandoning module Paper2D (218)
[2017.07.07-19.25.47:619][376]LogModuleManager: Shutting down and abandoning module WindowsMoviePlayer (216)
[2017.07.07-19.25.47:627][376]LogModuleManager: Shutting down and abandoning module WmfMedia (214)
[2017.07.07-19.25.47:653][376]LogModuleManager: Shutting down and abandoning module ClothingSystemEditor (212)
[2017.07.07-19.25.47:653][376]LogModuleManager: Shutting down and abandoning module ClothingSystemRuntime (210)
[2017.07.07-19.25.47:662][376]LogModuleManager: Shutting down and abandoning module MediaAssets (208)
[2017.07.07-19.25.47:662][376]LogModuleManager: Shutting down and abandoning module GameLiveStreaming (206)
[2017.07.07-19.25.47:692][376]LogModuleManager: Shutting down and abandoning module VREditor (204)
[2017.07.07-19.25.47:711][376]LogModuleManager: Shutting down and abandoning module StringTableEditor (202)
[2017.07.07-19.25.47:727][376]LogModuleManager: Shutting down and abandoning module GameplayTasksEditor (200)
[2017.07.07-19.25.47:727][376]LogModuleManager: Shutting down and abandoning module BehaviorTreeEditor (198)
[2017.07.07-19.25.47:792][376]LogModuleManager: Shutting down and abandoning module FunctionalTesting (196)
[2017.07.07-19.25.47:792][376]LogModuleManager: Shutting down and abandoning module CollisionAnalyzer (194)
[2017.07.07-19.25.47:820][376]LogModuleManager: Shutting down and abandoning module UMG (192)
[2017.07.07-19.25.47:830][376]LogModuleManager: Shutting down and abandoning module UMGEditor (191)
[2017.07.07-19.25.47:856][376]LogModuleManager: Shutting down and abandoning module Sequencer (190)
[2017.07.07-19.25.47:919][376]LogModuleManager: Shutting down and abandoning module AssetTools (188)
[2017.07.07-19.25.47:977][376]LogModuleManager: Shutting down and abandoning module MessageLog (187)
[2017.07.07-19.25.47:977][376]LogModuleManager: Shutting down and abandoning module WorkspaceMenuStructure (186)
[2017.07.07-19.25.47:977][376]LogModuleManager: Shutting down and abandoning module SlateReflector (180)
[2017.07.07-19.25.47:990][376]LogModuleManager: Shutting down and abandoning module Slate (178)
[2017.07.07-19.25.47:990][376]LogModuleManager: Shutting down and abandoning module EditorStyle (176)
[2017.07.07-19.25.47:994][376]LogModuleManager: Shutting down and abandoning module SourceCodeAccess (174)
[2017.07.07-19.25.47:994][376]LogModuleManager: Shutting down and abandoning module HeadMountedDisplay (172)
[2017.07.07-19.25.47:994][376]LogModuleManager: Shutting down and abandoning module XAudio2 (170)
[2017.07.07-19.25.47:994][376]LogModuleManager: Shutting down and abandoning module Networking (168)
[2017.07.07-19.25.47:994][376]LogModuleManager: Shutting down and abandoning module Core (164)
[2017.07.07-19.25.47:994][376]LogModuleManager: Shutting down and abandoning module AssetRegistry (162)
[2017.07.07-19.25.48:113][376]LogDirectoryWatcher: A directory notification for '../../../Engine/Content/' was aborted.
[2017.07.07-19.25.48:114][376]LogDirectoryWatcher: A directory notification for '../../../../../../Users/safeb_000/Documents/GitHub/Project-KAGE/MyProject/Content/' was aborted.
[2017.07.07-19.25.48:114][376]LogDirectoryWatcher: A directory notification for '../../../Engine/Plugins/2D/Paper2D/Content/' was aborted.
[2017.07.07-19.25.48:114][376]LogDirectoryWatcher: A directory notification for '../../../Engine/Plugins/Runtime/GearVR/Content/' was aborted.
[2017.07.07-19.25.48:132][376]LogModuleManager: Shutting down and abandoning module DirectoryWatcher (161)
[2017.07.07-19.25.48:133][376]LogModuleManager: Shutting down and abandoning module KismetCompiler (158)
[2017.07.07-19.25.48:133][376]LogModuleManager: Shutting down and abandoning module LevelSequence (156)
[2017.07.07-19.25.48:133][376]LogModuleManager: Shutting down and abandoning module PhysXFormats (154)
[2017.07.07-19.25.48:133][376]LogModuleManager: Shutting down and abandoning module MeshUtilities (152)
[2017.07.07-19.25.48:153][376]LogModuleManager: Shutting down and abandoning module SimplygonSwarm (151)
[2017.07.07-19.25.48:162][376]LogModuleManager: Shutting down and abandoning module SimplygonMeshReduction (149)
[2017.07.07-19.25.48:162][376]LogModuleManager: Shutting down and abandoning module QuadricMeshReduction (147)
[2017.07.07-19.25.48:174][376]LogModuleManager: Shutting down and abandoning module DerivedDataCache (144)
[2017.07.07-19.25.48:237][376]LogDerivedDataCache: Shutdown
[2017.07.07-19.25.48:254][376]LogModuleManager: Shutting down and abandoning module TargetPlatform (142)
[2017.07.07-19.25.48:254][376]LogModuleManager: Shutting down and abandoning module VulkanShaderFormat (141)
[2017.07.07-19.25.48:261][376]LogModuleManager: Shutting down and abandoning module ShaderFormatVectorVM (139)
[2017.07.07-19.25.48:268][376]LogModuleManager: Shutting down and abandoning module ShaderFormatOpenGL (137)
[2017.07.07-19.25.48:309][376]LogModuleManager: Shutting down and abandoning module ShaderFormatD3D (135)
[2017.07.07-19.25.48:315][376]LogModuleManager: Shutting down and abandoning module MetalShaderFormat (133)
[2017.07.07-19.25.48:344][376]LogModuleManager: Shutting down and abandoning module TextureFormatUncompressed (131)
[2017.07.07-19.25.48:344][376]LogModuleManager: Shutting down and abandoning module TextureFormatPVR (129)
[2017.07.07-19.25.48:344][376]LogModuleManager: Shutting down and abandoning module TextureFormatDXT (127)
[2017.07.07-19.25.48:349][376]LogModuleManager: Shutting down and abandoning module TextureFormatIntelISPCTexComp (125)
[2017.07.07-19.25.48:361][376]LogModuleManager: Shutting down and abandoning module TextureFormatASTC (123)
[2017.07.07-19.25.48:361][376]LogModuleManager: Shutting down and abandoning module ImageWrapper (122)
[2017.07.07-19.25.48:361][376]LogModuleManager: Shutting down and abandoning module TextureFormatAndroid (119)
[2017.07.07-19.25.48:361][376]LogModuleManager: Shutting down and abandoning module AudioFormatOpus (117)
[2017.07.07-19.25.48:361][376]LogModuleManager: Shutting down and abandoning module AudioFormatOgg (115)
[2017.07.07-19.25.48:361][376]LogModuleManager: Shutting down and abandoning module AudioFormatADPCM (113)
[2017.07.07-19.25.48:361][376]LogModuleManager: Shutting down and abandoning module LinuxTargetPlatform (111)
[2017.07.07-19.25.48:362][376]LogModuleManager: Shutting down and abandoning module LinuxServerTargetPlatform (109)
[2017.07.07-19.25.48:362][376]LogModuleManager: Shutting down and abandoning module LinuxNoEditorTargetPlatform (107)
[2017.07.07-19.25.48:362][376]LogModuleManager: Shutting down and abandoning module LinuxClientTargetPlatform (105)
[2017.07.07-19.25.48:362][376]LogModuleManager: Shutting down and abandoning module TVOSTargetPlatform (103)
[2017.07.07-19.25.48:362][376]LogModuleManager: Shutting down and abandoning module Messaging (101)
[2017.07.07-19.25.48:362][376]LogModuleManager: Shutting down and abandoning module IOSTargetPlatform (99)
[2017.07.07-19.25.48:362][376]LogModuleManager: Shutting down and abandoning module HTML5TargetPlatform (97)
[2017.07.07-19.25.48:362][376]LogModuleManager: Shutting down and abandoning module Android_PVRTCTargetPlatform (95)
[2017.07.07-19.25.48:374][376]LogModuleManager: Shutting down and abandoning module Android_MultiTargetPlatform (93)
[2017.07.07-19.25.48:374][376]LogModuleManager: Shutting down and abandoning module Android_ETC2TargetPlatform (91)
[2017.07.07-19.25.48:381][376]LogModuleManager: Shutting down and abandoning module Android_ETC1TargetPlatform (89)
[2017.07.07-19.25.48:391][376]LogModuleManager: Shutting down and abandoning module Android_DXTTargetPlatform (87)
[2017.07.07-19.25.48:393][376]LogModuleManager: Shutting down and abandoning module Android_ATCTargetPlatform (85)
[2017.07.07-19.25.48:421][376]LogModuleManager: Shutting down and abandoning module Android_ASTCTargetPlatform (83)
[2017.07.07-19.25.48:421][376]LogModuleManager: Shutting down and abandoning module AndroidTargetPlatform (81)
[2017.07.07-19.25.48:438][376]LogModuleManager: Shutting down and abandoning module WindowsTargetPlatform (79)
[2017.07.07-19.25.48:439][376]LogModuleManager: Shutting down and abandoning module WindowsServerTargetPlatform (77)
[2017.07.07-19.25.48:439][376]LogModuleManager: Shutting down and abandoning module WindowsNoEditorTargetPlatform (75)
[2017.07.07-19.25.48:439][376]LogModuleManager: Shutting down and abandoning module WindowsClientTargetPlatform (73)
[2017.07.07-19.25.48:439][376]LogModuleManager: Shutting down and abandoning module MacTargetPlatform (71)
[2017.07.07-19.25.48:439][376]LogModuleManager: Shutting down and abandoning module MacServerTargetPlatform (69)
[2017.07.07-19.25.48:439][376]LogModuleManager: Shutting down and abandoning module MacNoEditorTargetPlatform (67)
[2017.07.07-19.25.48:439][376]LogModuleManager: Shutting down and abandoning module MacClientTargetPlatform (65)
[2017.07.07-19.25.48:439][376]LogModuleManager: Shutting down and abandoning module AllDesktopTargetPlatform (63)
[2017.07.07-19.25.48:439][376]LogModuleManager: Shutting down and abandoning module InputCore (60)
[2017.07.07-19.25.48:439][376]LogModuleManager: Shutting down and abandoning module Settings (58)
[2017.07.07-19.25.48:439][376]LogModuleManager: Shutting down and abandoning module OculusRift (56)
[2017.07.07-19.25.48:453][376]LogModuleManager: Shutting down and abandoning module GearVRController (54)
[2017.07.07-19.25.48:454][376]LogModuleManager: Shutting down and abandoning module GearVR (52)
[2017.07.07-19.25.48:479][376]LogModuleManager: Shutting down and abandoning module ExampleDeviceProfileSelector (50)
[2017.07.07-19.25.48:479][376]LogModuleManager: Shutting down and abandoning module OnlineBlueprintSupport (48)
[2017.07.07-19.25.48:479][376]LogModuleManager: Shutting down and abandoning module OnlineSubsystem (44)
[2017.07.07-19.25.48:479][376]LogOnline:Display: Unloading online subsystem: NULL
[2017.07.07-19.25.48:519][376]LogModuleManager: Shutting down and abandoning module XMPP (43)
[2017.07.07-19.25.48:535][376]LogModuleManager: Shutting down and abandoning module HTTP (41)
[2017.07.07-19.25.48:535][376]LogHttp:Display: Http module shutting down, but needs to wait on 1 outstanding Http requests:
[2017.07.07-19.25.48:549][376]LogHttp:Display: 	verb=[POST] url=[https://datarouter.ol.epicgames.com/datarouter/api/v1/public/data?SessionID=%7BCEBDFCD9-4412-2D9F-BD4B-92B4AA0C8609%7D&AppID=UEEditor.Rocket.Release&AppVersion=4.16.2-3514769%2B%2B%2BUE4%2BRelease-4.16&UserID=96dfe340474dd450a4de99a5f8224c3b%7C4c18719136244bea8d3f03dd2048ec47%7C15023ca8-caf0-4aca-939a-33b85801d38e&AppEnvironment=datacollector-binary&UploadType=eteventstream] status=Processing
[2017.07.07-19.25.48:554][376]LogModuleManager: Shutting down and abandoning module SSL (40)
[2017.07.07-19.25.48:567][376]LogModuleManager: Shutting down and abandoning module HTTPChunkInstaller (36)
[2017.07.07-19.25.48:605][376]LogModuleManager: Shutting down and abandoning module AnimationModifiers (34)
[2017.07.07-19.25.48:624][376]LogModuleManager: Shutting down and abandoning module PropertyEditor (33)
[2017.07.07-19.25.48:624][376]LogModuleManager: Shutting down and abandoning module AudioEditor (30)
[2017.07.07-19.25.48:666][376]LogModuleManager: Shutting down and abandoning module TextureCompressor (28)
[2017.07.07-19.25.48:670][376]LogModuleManager: Shutting down and abandoning module ShaderCore (26)
[2017.07.07-19.25.48:670][376]LogModuleManager: Shutting down and abandoning module Landscape (24)
[2017.07.07-19.25.48:670][376]LogModuleManager: Shutting down and abandoning module SlateRHIRenderer (22)
[2017.07.07-19.25.48:676][376]LogModuleManager: Shutting down and abandoning module OpenGLDrv (20)
[2017.07.07-19.25.48:682][376]LogModuleManager: Shutting down and abandoning module D3D11RHI (18)
[2017.07.07-19.25.48:682][376]LogModuleManager: Shutting down and abandoning module AnimGraphRuntime (16)
[2017.07.07-19.25.48:692][376]LogModuleManager: Shutting down and abandoning module Renderer (14)
[2017.07.07-19.25.48:692][376]LogModuleManager: Shutting down and abandoning module Engine (12)
[2017.07.07-19.25.48:692][376]LogModuleManager: Shutting down and abandoning module CoreUObject (10)
[2017.07.07-19.25.48:692][376]LogModuleManager: Shutting down and abandoning module NetworkFile (8)
[2017.07.07-19.25.48:812][376]LogModuleManager: Shutting down and abandoning module StreamingFile (6)
[2017.07.07-19.25.48:841][376]LogModuleManager: Shutting down and abandoning module SandboxFile (4)
[2017.07.07-19.25.48:841][376]LogModuleManager: Shutting down and abandoning module PakFile (2)
[2017.07.07-19.25.48:903][376]LogExit: Exiting.
[2017.07.07-19.25.48:916][376]Log file closed, 07/07/17 20:25:48
