Log file open, 07/07/17 19:21:28
LogInit:Display: Running engine for game: MyProject
LogPlatformFile: Not using cached read wrapper
LogInit:Display: RandInit(-1086984649) SRandInit(-1086984649).
LogTaskGraph: Started task graph with 5 named threads and 8 total threads with 1 sets of task threads.
LogStats: Stats thread started at 0.812552
LogInit: Using libcurl 7.47.1
LogInit:  - built for x86_64-pc-win32
LogInit:  - supports SSL with OpenSSL/1.0.2g
LogInit:  - supports HTTP deflate (compression) using libz 1.2.8
LogInit:  - other features:
LogInit:      CURL_VERSION_SSL
LogInit:      CURL_VERSION_LIBZ
LogInit:      CURL_VERSION_IPV6
LogInit:      CURL_VERSION_ASYNCHDNS
LogInit:      CURL_VERSION_LARGEFILE
LogInit:      CURL_VERSION_IDN
LogInit:  CurlRequestOptions (configurable via config and command line):
LogInit:  - bVerifyPeer = false  - Libcurl will NOT verify peer certificate
LogInit:  - bUseHttpProxy = false  - Libcurl will NOT use HTTP proxy
LogInit:  - bDontReuseConnections = false  - Libcurl will reuse connections
LogInit:  - CertBundlePath = nullptr  - Libcurl will use whatever was configured at build time.
LogInit: Build: ++UE4+Release-4.16-CL-3514769
LogInit: Engine Version: 4.16.2-3514769+++UE4+Release-4.16
LogInit: Compatible Engine Version: 4.16.0-3452394+++UE4+Release-4.16
LogInit: Net CL: 3452394
LogDevObjectVersion: Number of dev versions registered: 16
LogDevObjectVersion:   Dev-Blueprints (B0D832E4-1F89-4F0D-ACCF-7EB736FD4AA2): 9
LogDevObjectVersion:   Dev-Build (E1C64328-A22C-4D53-A36C-8E866417BD8C): 0
LogDevObjectVersion:   Dev-Core (375EC13C-06E4-48FB-B500-84F0262A717E): 2
LogDevObjectVersion:   Dev-Editor (E4B068ED-F494-42E9-A231-DA0B2E46BB41): 17
LogDevObjectVersion:   Dev-Framework (CFFC743F-43B0-4480-9391-14DF171D2073): 23
LogDevObjectVersion:   Dev-Mobile (B02B49B5-BB20-44E9-A304-32B752E40360): 0
LogDevObjectVersion:   Dev-Networking (A4E4105C-59A1-49B5-A7C5-40C4547EDFEE): 0
LogDevObjectVersion:   Dev-Online (39C831C9-5AE6-47DC-9A44-9C173E1C8E7C): 0
LogDevObjectVersion:   Dev-Physics (78F01B33-EBEA-4F98-B9B4-84EACCB95AA2): 0
LogDevObjectVersion:   Dev-Platform (6631380F-2D4D-43E0-8009-CF276956A95A): 0
LogDevObjectVersion:   Dev-Rendering (12F88B9F-8875-4AFC-A67C-D90C383ABD29): 15
LogDevObjectVersion:   Dev-Sequencer (7B5AE74C-D270-4C10-A958-57980B212A5A): 4
LogDevObjectVersion:   Dev-VR (D7296918-1DD6-4BDD-9DE2-64A83CC13884): 0
LogDevObjectVersion:   Dev-LoadTimes (C2A15278-BFE7-4AFE-6C17-90FF531DF755): 1
LogDevObjectVersion:   Private-Geometry (6EACA3D4-40EC-4CC1-B786-8BED09428FC5): 1
LogDevObjectVersion:   Dev-AnimPhys (29E575DD-E0A3-4627-9D10-D276232CDCEA): 3
LogInit: Compiled (64-bit): Jun 29 2017 02:03:24
LogInit: Compiled with Visual C++: 19.00.24215.01
LogInit: Build Configuration: Development
LogInit: Branch Name: ++UE4+Release-4.16
LogInit: Command line:  
LogInit: Base directory: C:/Program Files/Epic Games/UE_4.16/Engine/Binaries/Win64/
LogInit: Installed Engine Build: 1
LogInit: Presizing for max 8388607 objects, including 0 objects not considered by GC, pre-allocating 0 bytes for permanent pool.
LogInit: Object subsystem initialized
[2017.07.07-18.21.30:856][  0]LogInit: Selected Device Profile: [Windows]
[2017.07.07-18.21.30:856][  0]LogInit: Applying CVar settings loaded from the selected device profile: [Windows]
[2017.07.07-18.21.30:945][  0]LogInit: Computer: SAFEBOX-III
[2017.07.07-18.21.30:945][  0]LogInit: User: safeb000
[2017.07.07-18.21.30:945][  0]LogInit: CPU Page size=4096, Cores=4
[2017.07.07-18.21.30:945][  0]LogInit: High frequency timer resolution =3.411326 MHz
[2017.07.07-18.21.30:945][  0]LogMemory: Memory total: Physical=5.9GB (6GB approx)
[2017.07.07-18.21.30:945][  0]LogMemory: Platform Memory Stats for Windows
[2017.07.07-18.21.30:945][  0]LogMemory: Process Physical Memory: 275.25 MB used, 275.25 MB peak
[2017.07.07-18.21.30:945][  0]LogMemory: Process Virtual Memory: 261.25 MB used, 261.25 MB peak
[2017.07.07-18.21.30:945][  0]LogMemory: Physical Memory: 4701.99 MB used,  1313.53 MB free, 6015.52 MB total
[2017.07.07-18.21.30:945][  0]LogMemory: Virtual Memory: 621.82 MB used,  1313.53 MB free, 8388608.00 MB total
[2017.07.07-18.21.37:520][  0]LogInit: Using OS detected language (en-GB).
[2017.07.07-18.21.37:520][  0]LogInit: Using OS detected locale (en-GB).
[2017.07.07-18.21.38:017][  0]LogTextLocalizationManager: No specific localization for 'en-GB' exists, so the 'en' localization will be used.
[2017.07.07-18.21.40:716][  0]LogD3D11RHI: D3D11 adapters:
[2017.07.07-18.21.40:723][  0]LogD3D11RHI:    0. 'AMD Radeon R9 200 Series' (Feature Level 11_0)
[2017.07.07-18.21.40:723][  0]LogD3D11RHI:       2032/0/2751 MB DedicatedVideo/DedicatedSystem/SharedSystem, Outputs:1, VendorId:0x1002
[2017.07.07-18.21.41:070][  0]LogD3D11RHI:    1. 'Intel(R) HD Graphics 4000' (Feature Level 11_0)
[2017.07.07-18.21.41:070][  0]LogD3D11RHI:       32/0/1632 MB DedicatedVideo/DedicatedSystem/SharedSystem, Outputs:1, VendorId:0x8086
[2017.07.07-18.21.41:129][  0]LogD3D11RHI:    2. 'Microsoft Basic Render Driver' (Feature Level 11_0)
[2017.07.07-18.21.41:129][  0]LogD3D11RHI:       0/0/256 MB DedicatedVideo/DedicatedSystem/SharedSystem, Outputs:0, VendorId:0x1414
[2017.07.07-18.21.41:129][  0]LogD3D11RHI: Chosen D3D11 Adapter: 0
[2017.07.07-18.21.41:141][  0]LogD3D11RHI: Creating new Direct3DDevice
[2017.07.07-18.21.41:141][  0]LogD3D11RHI:     GPU DeviceId: 0x6810 (for the marketing name, search the web for "GPU Device Id")
[2017.07.07-18.21.41:141][  0]LogWindows: EnumDisplayDevices:
[2017.07.07-18.21.41:141][  0]LogWindows:    0. 'Intel(R) HD Graphics 4000' (P:0 D:1)
[2017.07.07-18.21.41:141][  0]LogWindows:    1. 'Intel(R) HD Graphics 4000' (P:0 D:0)
[2017.07.07-18.21.41:141][  0]LogWindows:    2. 'Intel(R) HD Graphics 4000' (P:0 D:0)
[2017.07.07-18.21.41:141][  0]LogWindows:    3. 'AMD Radeon R9 200 Series' (P:1 D:1)
[2017.07.07-18.21.41:141][  0]LogWindows:    4. 'AMD Radeon R9 200 Series' (P:0 D:0)
[2017.07.07-18.21.41:142][  0]LogWindows:    5. 'AMD Radeon R9 200 Series' (P:0 D:0)
[2017.07.07-18.21.41:142][  0]LogWindows:    6. 'AMD Radeon R9 200 Series' (P:0 D:0)
[2017.07.07-18.21.41:142][  0]LogWindows:    7. 'AMD Radeon R9 200 Series' (P:0 D:0)
[2017.07.07-18.21.41:142][  0]LogWindows:    8. 'AMD Radeon R9 200 Series' (P:0 D:0)
[2017.07.07-18.21.41:142][  0]LogWindows: DebugString: PrimaryIsNotTheChoosenAdapter PrimaryIsNotTheChoosenAdapter PrimaryIsNotTheChoosenAdapter FoundDriverCount:6 
[2017.07.07-18.21.41:142][  0]LogD3D11RHI:     Adapter Name: AMD Radeon R9 200 Series
[2017.07.07-18.21.41:142][  0]LogD3D11RHI:   Driver Version: Catalyst 13.6 (internal:13.101.0.0, unified:13.101.0.0)
[2017.07.07-18.21.41:142][  0]LogD3D11RHI:      Driver Date: 6-4-2013
[2017.07.07-18.21.41:142][  0]LogRHI: Texture pool is 1361 MB (70% of 1945 MB)
[2017.07.07-18.21.41:315][  0]LogD3D11RHI: Async texture creation enabled
[2017.07.07-18.21.41:350][  0]LogD3D11RHI: GPU Timing Frequency: 27.000000 (Debug: 2 1)
[2017.07.07-18.21.43:201][  0]LogWindowsTextInputMethodSystem:Display: IME system now deactivated.
[2017.07.07-18.21.43:209][  0]LogShaderCompilers: Guid format shader working directory is -23 characters bigger than the processId version (../../../../../../Users/safeb_000/Documents/GitHub/Project-KAGE/MyProject/Intermediate/Shaders/WorkingDirectory/9332/).
[2017.07.07-18.21.43:209][  0]LogShaderCompilers: Cleaned the shader compiler working directory 'C:/Users/safeb_000/AppData/Local/Temp/UnrealShaderWorkingDir/9E2945174FC2ABD49BEE359101165CDB/'.
[2017.07.07-18.21.43:209][  0]LogShaderCompilers:Display: Using Local Shader Compiler.
[2017.07.07-18.21.49:544][  0]LogTemp:Display: Loaded TP AllDesktopTargetPlatform
[2017.07.07-18.21.49:644][  0]LogTemp:Display: Loaded TP MacClientTargetPlatform
[2017.07.07-18.21.49:714][  0]LogTemp:Display: Loaded TP MacNoEditorTargetPlatform
[2017.07.07-18.21.49:834][  0]LogTemp:Display: Loaded TP MacServerTargetPlatform
[2017.07.07-18.21.49:990][  0]LogTemp:Display: Loaded TP MacTargetPlatform
[2017.07.07-18.21.50:106][  0]LogTemp:Display: Loaded TP WindowsClientTargetPlatform
[2017.07.07-18.21.50:194][  0]LogTemp:Display: Loaded TP WindowsNoEditorTargetPlatform
[2017.07.07-18.21.50:348][  0]LogTemp:Display: Loaded TP WindowsServerTargetPlatform
[2017.07.07-18.21.50:479][  0]LogTemp:Display: Loaded TP WindowsTargetPlatform
[2017.07.07-18.21.50:681][  0]LogTemp:Display: Loaded TP AndroidTargetPlatform
[2017.07.07-18.21.50:833][  0]LogTemp:Display: Loaded TP Android_ASTCTargetPlatform
[2017.07.07-18.21.50:953][  0]LogTemp:Display: Loaded TP Android_ATCTargetPlatform
[2017.07.07-18.21.51:026][  0]LogTemp:Display: Loaded TP Android_DXTTargetPlatform
[2017.07.07-18.21.51:155][  0]LogTemp:Display: Loaded TP Android_ETC1TargetPlatform
[2017.07.07-18.21.51:307][  0]LogTemp:Display: Loaded TP Android_ETC2TargetPlatform
[2017.07.07-18.21.51:629][  0]LogTemp:Display: Loaded TP Android_MultiTargetPlatform
[2017.07.07-18.21.51:629][  0]LogTemp:Display: Loaded TP Android_PVRTCTargetPlatform
[2017.07.07-18.21.51:749][  0]LogTemp:Display: Loaded TP HTML5TargetPlatform
[2017.07.07-18.21.52:484][  0]LogTemp:Display: Loaded TP IOSTargetPlatform
[2017.07.07-18.21.52:566][  0]LogTemp:Display: Loaded TP TVOSTargetPlatform
[2017.07.07-18.21.52:685][  0]LogTemp:Display: Loaded TP LinuxClientTargetPlatform
[2017.07.07-18.21.52:764][  0]LogTemp:Display: Loaded TP LinuxNoEditorTargetPlatform
[2017.07.07-18.21.52:858][  0]LogTemp:Display: Loaded TP LinuxServerTargetPlatform
[2017.07.07-18.21.52:997][  0]LogTemp:Display: Loaded TP LinuxTargetPlatform
[2017.07.07-18.21.52:997][  0]LogTargetPlatformManager:Display: Building Assets For Windows
[2017.07.07-18.21.57:383][  0]LogDerivedDataCache:Display: Max Cache Size: 512 MB
[2017.07.07-18.21.58:332][  0]LogDerivedDataCache: Loaded boot cache 0.92s 90MB C:/Users/safeb_000/AppData/Local/UnrealEngine/4.16/DerivedDataCache/Boot.ddc.
[2017.07.07-18.21.58:333][  0]LogDerivedDataCache:Display: Loaded Boot cache: C:/Users/safeb_000/AppData/Local/UnrealEngine/4.16/DerivedDataCache/Boot.ddc
[2017.07.07-18.21.58:333][  0]LogDerivedDataCache: FDerivedDataBackendGraph:  Pak pak cache file ../../../../../../Users/safeb_000/Documents/GitHub/Project-KAGE/MyProject/DerivedDataCache/DDC.ddp not found, will not use a pak cache.
[2017.07.07-18.21.58:333][  0]LogDerivedDataCache: Unable to find inner node Pak for hierarchical cache Hierarchy.
[2017.07.07-18.21.58:333][  0]LogDerivedDataCache: FDerivedDataBackendGraph:  CompressedPak pak cache file ../../../../../../Users/safeb_000/Documents/GitHub/Project-KAGE/MyProject/DerivedDataCache/Compressed.ddp not found, will not use a pak cache.
[2017.07.07-18.21.58:333][  0]LogDerivedDataCache: Unable to find inner node CompressedPak for hierarchical cache Hierarchy.
[2017.07.07-18.21.58:514][  0]LogDerivedDataCache:Display: Pak cache opened for reading ../../../Engine/DerivedDataCache/Compressed.ddp.
[2017.07.07-18.21.58:545][  0]LogDerivedDataCache: Using Local data cache path C:/Users/safeb_000/AppData/Local/UnrealEngine/Common/DerivedDataCache: Writable
[2017.07.07-18.21.58:556][  0]LogMaterial: Verifying Global Shaders for PCD3D_SM5
[2017.07.07-18.21.58:557][  0]LogSlate: Using Freetype 2.6.0
[2017.07.07-18.21.58:672][  0]LogSlate: SlateFontCache - WITH_FREETYPE: 1, WITH_HARFBUZZ: 1
[2017.07.07-18.21.58:672][  0]LogSlate: SlateFontCache - WITH_FREETYPE: 1, WITH_HARFBUZZ: 1
[2017.07.07-18.22.03:642][  0]LogInit: Selected Device Profile: [Windows]
[2017.07.07-18.22.06:000][  0]LogContentStreaming: Texture pool size is 0.00 MB
[2017.07.07-18.22.08:298][  0]LogMeshUtilities: Using QuadricMeshReduction for automatic static mesh reduction
[2017.07.07-18.22.08:564][  0]LogSimplygon: Simplygon DLL not present - disabling.
[2017.07.07-18.22.08:661][  0]LogMeshUtilities: Using SimplygonSwarm for distributed automatic mesh merging
[2017.07.07-18.22.08:661][  0]LogMeshUtilities: No automatic skeletal mesh reduction module available
[2017.07.07-18.22.08:661][  0]LogMeshUtilities: No automatic mesh merging module available
[2017.07.07-18.22.12:719][  0]LogNetVersion: MyProject , NetCL: 3452394, EngineNetVer: 2, GameNetVer: 0 (Checksum: 1111101373)
[2017.07.07-18.22.12:972][  0]LogAssetRegistry: FAssetRegistry took 0.0261 seconds to start up
[2017.07.07-18.22.14:213][  0]LogPackageLocalizationCache: Processed 4 localized package path(s) for 2 prioritized culture(s) in 1.214863 seconds
[2017.07.07-18.22.14:220][  0]LogUObjectArray: 34194 objects as part of root set at end of initial load.
[2017.07.07-18.22.14:220][  0]LogUObjectAllocator: 7260424 out of 0 bytes used by permanent object pool.
[2017.07.07-18.22.14:220][  0]LogUObjectArray: CloseDisregardForGC: 0/0 objects in disregard for GC pool
[2017.07.07-18.22.15:442][  0]LogInit: WinSock: version 1.1 (2.2), MaxSocks=32767, MaxUdp=65467
[2017.07.07-18.23.02:502][  0]LogTcpMessaging: Initializing TcpMessaging bridge
[2017.07.07-18.23.02:596][  0]LogUdpMessaging: Initializing bridge on interface 0.0.0.0:0 to multicast group 230.0.0.1:6666.
[2017.07.07-18.23.05:099][  0]LogMaterial: Uniform references updated for custom material expression Custom.
[2017.07.07-18.23.06:176][  0]SourceControl: Info Source control is disabled
[2017.07.07-18.23.11:609][  0]SourceControl: Info Source control is disabled
[2017.07.07-18.23.12:008][  0]SourceControl: Info Source control is disabled
[2017.07.07-18.23.12:199][  0]SourceControl: Info Source control is disabled
[2017.07.07-18.23.15:929][  0]LogAndroidPermission: UAndroidPermissionCallbackProxy::GetInstance
[2017.07.07-18.23.18:195][  0]LogEngine: Initializing Engine...
[2017.07.07-18.23.19:130][  0]LogHMD: Failed to initialize OpenVR with code 108
[2017.07.07-18.23.20:227][  0]LogStats: UGameplayTagsManager::ConstructGameplayTagTree: Construct from data asset -  0.000 s
[2017.07.07-18.23.20:227][  0]LogStats: UGameplayTagsManager::ConstructGameplayTagTree: GameplayTagTreeChangedEvent.Broadcast -  0.000 s
[2017.07.07-18.23.21:174][  0]LogAIModule: Creating AISystem for world Untitled
[2017.07.07-18.23.21:704][  0]LogInit: XAudio2 using 'Headphones (Bose QuietComfort 35 Stereo)' : 2 channels at 44.1 kHz using 16 bits per sample (channel mask 0x3)
[2017.07.07-18.23.21:805][  0]LogInit: FAudioDevice initialized.
[2017.07.07-18.23.21:881][  0]LogDerivedDataCache: Saved boot cache 0.05s 90MB C:/Users/safeb_000/AppData/Local/UnrealEngine/4.16/DerivedDataCache/Boot.ddc.
[2017.07.07-18.23.21:887][  0]LogInit: Texture streaming: Enabled
[2017.07.07-18.23.22:792][  0]LogEngineSessionManager: EngineSessionManager initialized
[2017.07.07-18.23.23:881][  0]LogInit: Transaction tracking system initialized
[2017.07.07-18.23.25:320][  0]BlueprintLog: New page: Editor Load
[2017.07.07-18.23.30:625][  0]LocalizationService: Info Localization service is disabled
[2017.07.07-18.23.33:030][  0]LogConsoleResponse:Display: 
[2017.07.07-18.23.40:564][  0]LogFileCache: Scanning file cache for directory 'C:/Users/safeb_000/Documents/GitHub/Project-KAGE/MyProject/Content/' took 0.10s
[2017.07.07-18.23.40:564][  0]LogCook:Display: Max memory allowance for cook 16384mb min free memory 0mb
[2017.07.07-18.23.40:565][  0]LogCook:Display: Mobile HDR setting 1
[2017.07.07-18.23.55:207][  0]SourceControl: Info Source control is disabled
[2017.07.07-18.23.55:881][  0]Cmd: MAP LOAD FILE="../../../../../../Users/safeb_000/Documents/GitHub/Project-KAGE/MyProject/Content/FirstPersonBP/Maps/FirstPersonExampleMap.umap" TEMPLATE=0 SHOWPROGRESS=1 FEATURELEVEL=3
[2017.07.07-18.23.56:088][  0]LightingResults: New page: Lighting Build
[2017.07.07-18.23.57:580][  0]MapCheck: New page: Map Check
[2017.07.07-18.23.57:580][  0]LightingResults: New page: Lighting Build
[2017.07.07-18.24.09:241][  0]LogAIModule: Creating AISystem for world FirstPersonExampleMap
[2017.07.07-18.24.11:149][  0]LogEditorServer: Finished looking for orphan Actors (0.007 secs)
[2017.07.07-18.24.11:414][  0]Cmd: MAP CHECKDEP NOCLEARLOG
[2017.07.07-18.24.11:605][  0]MapCheck: Info Map check complete: 0 Error(s), 0 Warning(s), took 175.564ms to complete.
[2017.07.07-18.24.11:605][  0]LogFileHelpers: Loading map 'FirstPersonExampleMap' took 16.197
[2017.07.07-18.24.12:408][  0]LogWindowsTextInputMethodSystem:Display: IME system now deactivated.
[2017.07.07-18.24.14:107][  0]LogCollectionManager: Loaded 0 collections in 0.018656 seconds
[2017.07.07-18.24.14:227][  0]LogFileCache: Scanning file cache for directory 'C:/Users/safeb_000/Documents/GitHub/Project-KAGE/MyProject/Saved/Collections/' took 0.01s
[2017.07.07-18.24.14:227][  0]LogFileCache: Scanning file cache for directory 'C:/Users/safeb_000/Documents/GitHub/Project-KAGE/MyProject/Content/Developers/safeb000/Collections/' took 0.01s
[2017.07.07-18.24.14:227][  0]LogFileCache: Scanning file cache for directory 'C:/Users/safeb_000/Documents/GitHub/Project-KAGE/MyProject/Content/Collections/' took 0.01s
[2017.07.07-18.24.14:227][  0]LogCollectionManager: Rebuilt the GUID cache for 0 collections in 0.000004 seconds
[2017.07.07-18.24.14:239][  0]LogContentBrowser: Native class hierarchy populated in 0.0116 seconds. Added 2330 classes and 493 folders.
[2017.07.07-18.24.14:326][  0]LogContentBrowser: Native class hierarchy updated for 'WidgetCarousel' in 0.0006 seconds. Added 0 classes and 0 folders.
[2017.07.07-18.24.16:610][  0]LogContentBrowser: Native class hierarchy updated for 'AddContentDialog' in 0.0007 seconds. Added 0 classes and 0 folders.
[2017.07.07-18.24.17:862][  0]LogCrashTracker: Crashtracker disabled due to settings.
[2017.07.07-18.24.17:986][  0]LogSlate: Took 0.015601 seconds to synchronously load lazily loaded font '../../../Engine/Content/Slate/Fonts/Roboto-Regular.ttf' (155K)
[2017.07.07-18.24.18:144][  0]LogSlate: Took 0.011514 seconds to synchronously load lazily loaded font '../../../Engine/Content/Slate/Fonts/Roboto-Bold.ttf' (160K)
[2017.07.07-18.24.18:297][  0]LogSlate: Took 0.070233 seconds to synchronously load lazily loaded font '../../../Engine/Content/Editor/Slate/Fonts/FontAwesome.ttf' (139K)
[2017.07.07-18.24.19:048][  0]LogRenderer: Reallocating scene render targets to support 1056x592 NumSamples 1 (Frame:1).
[2017.07.07-18.24.20:658][  0]LogUObjectGlobals:Warning: Failed to find object 'Class None.'
[2017.07.07-18.24.21:033][  0]LogContentBrowser: Native class hierarchy updated for 'HierarchicalLODOutliner' in 0.0006 seconds. Added 1 classes and 2 folders.
[2017.07.07-18.24.21:034][  0]LogLoad: (Engine Initialization) Total time: 185.44 seconds
[2017.07.07-18.24.21:034][  0]LogLoad: (Engine Initialization) Total Blueprint compile time: 1.07 seconds
[2017.07.07-18.24.21:034][  0]LogExternalProfiler: Found external profiler: VSPerf
[2017.07.07-18.24.21:034][  0]LogExternalProfiler: Using external profiler: VSPerf
[2017.07.07-18.24.21:209][  0]LogOcInput: OculusInput pre-init called
[2017.07.07-18.24.21:248][  0]LogHMD: Starting GearVRController plugin
[2017.07.07-18.24.22:492][  0]LogContentStreaming: Texture pool size now 1000 MB
[2017.07.07-18.24.23:228][  1]LogSlate: Took 0.019520 seconds to synchronously load lazily loaded font '../../../Engine/Content/Slate/Fonts/Roboto-Light.ttf' (159K)
[2017.07.07-18.24.23:737][  3]LogAssetRegistry: Asset discovery search completed in 130.7868 seconds
[2017.07.07-18.24.23:762][  3]LogCollectionManager: Rebuilt the object cache for 0 collections in 0.000001 seconds (found 0 objects)
[2017.07.07-18.24.23:762][  3]LogCollectionManager: Fixed up redirectors for 0 collections in 0.000068 seconds (updated 0 objects)
[2017.07.07-18.24.39:650][566]MapCheck: New page: Map Check
[2017.07.07-18.24.39:887][566]LightingResults: New page: Lighting Build - 7 Jul 2017 20:24:39
[2017.07.07-18.24.41:081][566]LogSwarmInterface: [OpenConnection] Registering TCP channel ...
[2017.07.07-18.24.43:175][566]LogSwarmInterface: [OpenConnection] Connecting to agent ...
[2017.07.07-18.24.44:938][566]LogSwarmInterface: [TryOpenConnection] Testing the Agent
[2017.07.07-18.24.48:132][566]LogSwarmInterface: [TryOpenConnection] Opening Connection to Agent
[2017.07.07-18.24.48:133][566]LogSwarmInterface: [TryOpenConnection] Local Process ID is 9332
[2017.07.07-18.24.58:333][566]LogStaticLightingSystem: Running Lightmass w/ ImmediateImport mode ENABLED
[2017.07.07-18.24.58:333][566]LogStaticLightingSystem: Running Lightmass w/ ImmediateProcess mode ENABLED
[2017.07.07-18.24.58:333][566]LogStaticLightingSystem: Running Lightmass w/ Sorting mode ENABLED
[2017.07.07-18.24.58:333][566]LogStaticLightingSystem: Running Lightmass w/ Mapping paddings ENABLED
[2017.07.07-18.24.58:333][566]LogStaticLightingSystem: Running Lightmass w/ Mapping debug paddings DISABLED
[2017.07.07-18.24.59:618][566]LogEditorBuildUtils: Build time 0:19
[2017.07.07-18.24.59:773][566]LogMaterial: Missing cached shader map for material FLightmassMaterialRenderer MaterialInstanceDynamic_0, compiling. 
[2017.07.07-18.25.00:039][566]LogMaterial: Missing cached shader map for material FLightmassMaterialRenderer MaterialInstanceDynamic_0, compiling. 
[2017.07.07-18.25.00:309][567]LogMaterial: Missing cached shader map for material FLightmassMaterialRenderer CubeMaterialOverride, compiling. 
[2017.07.07-18.25.00:314][567]LogMaterial: Missing cached shader map for material FLightmassMaterialRenderer CubeMaterialOverride, compiling. 
[2017.07.07-18.25.00:375][568]LogMaterial: Missing cached shader map for material FLightmassMaterialRenderer CubeMaterial, compiling. 
[2017.07.07-18.25.00:380][568]LogMaterial: Missing cached shader map for material FLightmassMaterialRenderer CubeMaterial, compiling. 
[2017.07.07-18.25.00:443][569]LogMaterial: Missing cached shader map for material FLightmassMaterialRenderer BasicShapeMaterial, compiling. 
[2017.07.07-18.25.00:449][569]LogMaterial: Missing cached shader map for material FLightmassMaterialRenderer BasicShapeMaterial, compiling. 
[2017.07.07-18.25.00:465][570]LogMaterial: Missing cached shader map for material FLightmassMaterialRenderer WorldGridMaterial, compiling. Is special engine material.
[2017.07.07-18.25.00:474][570]LogMaterial: Missing cached shader map for material FLightmassMaterialRenderer WorldGridMaterial, compiling. Is special engine material.
