Log file open, 07/07/17 14:04:49
LogInit:Display: Running engine for game: MyProject
LogPlatformFile: Not using cached read wrapper
LogInit:Display: RandInit(-1438058307) SRandInit(-1438058307).
LogTaskGraph: Started task graph with 5 named threads and 8 total threads with 1 sets of task threads.
LogStats: Stats thread started at 0.232378
LogInit: Using libcurl 7.47.1
LogInit:  - built for x86_64-pc-win32
LogInit:  - supports SSL with OpenSSL/1.0.2g
LogInit:  - supports HTTP deflate (compression) using libz 1.2.8
LogInit:  - other features:
LogInit:      CURL_VERSION_SSL
LogInit:      CURL_VERSION_LIBZ
LogInit:      CURL_VERSION_IPV6
LogInit:      CURL_VERSION_ASYNCHDNS
LogInit:      CURL_VERSION_LARGEFILE
LogInit:      CURL_VERSION_IDN
LogInit:  CurlRequestOptions (configurable via config and command line):
LogInit:  - bVerifyPeer = false  - Libcurl will NOT verify peer certificate
LogInit:  - bUseHttpProxy = false  - Libcurl will NOT use HTTP proxy
LogInit:  - bDontReuseConnections = false  - Libcurl will reuse connections
LogInit:  - CertBundlePath = nullptr  - Libcurl will use whatever was configured at build time.
LogInit: Build: ++UE4+Release-4.16-CL-3514769
LogInit: Engine Version: 4.16.2-3514769+++UE4+Release-4.16
LogInit: Compatible Engine Version: 4.16.0-3452394+++UE4+Release-4.16
LogInit: Net CL: 3452394
LogDevObjectVersion: Number of dev versions registered: 16
LogDevObjectVersion:   Dev-Blueprints (B0D832E4-1F89-4F0D-ACCF-7EB736FD4AA2): 9
LogDevObjectVersion:   Dev-Build (E1C64328-A22C-4D53-A36C-8E866417BD8C): 0
LogDevObjectVersion:   Dev-Core (375EC13C-06E4-48FB-B500-84F0262A717E): 2
LogDevObjectVersion:   Dev-Editor (E4B068ED-F494-42E9-A231-DA0B2E46BB41): 17
LogDevObjectVersion:   Dev-Framework (CFFC743F-43B0-4480-9391-14DF171D2073): 23
LogDevObjectVersion:   Dev-Mobile (B02B49B5-BB20-44E9-A304-32B752E40360): 0
LogDevObjectVersion:   Dev-Networking (A4E4105C-59A1-49B5-A7C5-40C4547EDFEE): 0
LogDevObjectVersion:   Dev-Online (39C831C9-5AE6-47DC-9A44-9C173E1C8E7C): 0
LogDevObjectVersion:   Dev-Physics (78F01B33-EBEA-4F98-B9B4-84EACCB95AA2): 0
LogDevObjectVersion:   Dev-Platform (6631380F-2D4D-43E0-8009-CF276956A95A): 0
LogDevObjectVersion:   Dev-Rendering (12F88B9F-8875-4AFC-A67C-D90C383ABD29): 15
LogDevObjectVersion:   Dev-Sequencer (7B5AE74C-D270-4C10-A958-57980B212A5A): 4
LogDevObjectVersion:   Dev-VR (D7296918-1DD6-4BDD-9DE2-64A83CC13884): 0
LogDevObjectVersion:   Dev-LoadTimes (C2A15278-BFE7-4AFE-6C17-90FF531DF755): 1
LogDevObjectVersion:   Private-Geometry (6EACA3D4-40EC-4CC1-B786-8BED09428FC5): 1
LogDevObjectVersion:   Dev-AnimPhys (29E575DD-E0A3-4627-9D10-D276232CDCEA): 3
LogInit: Compiled (64-bit): Jun 29 2017 02:03:24
LogInit: Compiled with Visual C++: 19.00.24215.01
LogInit: Build Configuration: Development
LogInit: Branch Name: ++UE4+Release-4.16
LogInit: Command line:  
LogInit: Base directory: C:/Program Files/Epic Games/UE_4.16/Engine/Binaries/Win64/
LogInit: Installed Engine Build: 1
LogInit: Presizing for max 8388607 objects, including 0 objects not considered by GC, pre-allocating 0 bytes for permanent pool.
LogInit: Object subsystem initialized
[2017.07.07-13.04.49:915][  0]LogInit: Selected Device Profile: [Windows]
[2017.07.07-13.04.49:915][  0]LogInit: Applying CVar settings loaded from the selected device profile: [Windows]
[2017.07.07-13.04.49:924][  0]LogInit: Computer: SAFEBOX-III
[2017.07.07-13.04.49:924][  0]LogInit: User: safeb000
[2017.07.07-13.04.49:924][  0]LogInit: CPU Page size=4096, Cores=4
[2017.07.07-13.04.49:924][  0]LogInit: High frequency timer resolution =3.411326 MHz
[2017.07.07-13.04.49:924][  0]LogMemory: Memory total: Physical=5.9GB (6GB approx)
[2017.07.07-13.04.49:924][  0]LogMemory: Platform Memory Stats for Windows
[2017.07.07-13.04.49:924][  0]LogMemory: Process Physical Memory: 273.31 MB used, 273.31 MB peak
[2017.07.07-13.04.49:924][  0]LogMemory: Process Virtual Memory: 261.20 MB used, 261.20 MB peak
[2017.07.07-13.04.49:924][  0]LogMemory: Physical Memory: 4157.27 MB used,  1858.25 MB free, 6015.52 MB total
[2017.07.07-13.04.49:924][  0]LogMemory: Virtual Memory: 621.20 MB used,  1858.25 MB free, 8388608.00 MB total
[2017.07.07-13.04.50:915][  0]LogInit: Using OS detected language (en-GB).
[2017.07.07-13.04.50:915][  0]LogInit: Using OS detected locale (en-GB).
[2017.07.07-13.04.51:313][  0]LogTextLocalizationManager: No specific localization for 'en-GB' exists, so the 'en' localization will be used.
[2017.07.07-13.04.56:674][  0]LogD3D11RHI: D3D11 adapters:
[2017.07.07-13.04.56:713][  0]LogD3D11RHI:    0. 'AMD Radeon R9 200 Series' (Feature Level 11_0)
[2017.07.07-13.04.56:713][  0]LogD3D11RHI:       2032/0/2751 MB DedicatedVideo/DedicatedSystem/SharedSystem, Outputs:1, VendorId:0x1002
[2017.07.07-13.04.56:902][  0]LogD3D11RHI:    1. 'Intel(R) HD Graphics 4000' (Feature Level 11_0)
[2017.07.07-13.04.56:902][  0]LogD3D11RHI:       32/0/1632 MB DedicatedVideo/DedicatedSystem/SharedSystem, Outputs:1, VendorId:0x8086
[2017.07.07-13.04.56:913][  0]LogD3D11RHI:    2. 'Microsoft Basic Render Driver' (Feature Level 11_0)
[2017.07.07-13.04.56:913][  0]LogD3D11RHI:       0/0/256 MB DedicatedVideo/DedicatedSystem/SharedSystem, Outputs:0, VendorId:0x1414
[2017.07.07-13.04.56:913][  0]LogD3D11RHI: Chosen D3D11 Adapter: 0
[2017.07.07-13.04.57:138][  0]LogD3D11RHI: Creating new Direct3DDevice
[2017.07.07-13.04.57:156][  0]LogD3D11RHI:     GPU DeviceId: 0x6810 (for the marketing name, search the web for "GPU Device Id")
[2017.07.07-13.04.57:156][  0]LogWindows: EnumDisplayDevices:
[2017.07.07-13.04.57:156][  0]LogWindows:    0. 'Intel(R) HD Graphics 4000' (P:0 D:1)
[2017.07.07-13.04.57:157][  0]LogWindows:    1. 'Intel(R) HD Graphics 4000' (P:0 D:0)
[2017.07.07-13.04.57:157][  0]LogWindows:    2. 'Intel(R) HD Graphics 4000' (P:0 D:0)
[2017.07.07-13.04.57:158][  0]LogWindows:    3. 'AMD Radeon R9 200 Series' (P:1 D:1)
[2017.07.07-13.04.57:158][  0]LogWindows:    4. 'AMD Radeon R9 200 Series' (P:0 D:0)
[2017.07.07-13.04.57:159][  0]LogWindows:    5. 'AMD Radeon R9 200 Series' (P:0 D:0)
[2017.07.07-13.04.57:159][  0]LogWindows:    6. 'AMD Radeon R9 200 Series' (P:0 D:0)
[2017.07.07-13.04.57:160][  0]LogWindows:    7. 'AMD Radeon R9 200 Series' (P:0 D:0)
[2017.07.07-13.04.57:160][  0]LogWindows:    8. 'AMD Radeon R9 200 Series' (P:0 D:0)
[2017.07.07-13.04.57:161][  0]LogWindows: DebugString: PrimaryIsNotTheChoosenAdapter PrimaryIsNotTheChoosenAdapter PrimaryIsNotTheChoosenAdapter FoundDriverCount:6 
[2017.07.07-13.04.57:161][  0]LogD3D11RHI:     Adapter Name: AMD Radeon R9 200 Series
[2017.07.07-13.04.57:161][  0]LogD3D11RHI:   Driver Version: Catalyst 13.6 (internal:13.101.0.0, unified:13.101.0.0)
[2017.07.07-13.04.57:161][  0]LogD3D11RHI:      Driver Date: 6-4-2013
[2017.07.07-13.04.57:198][  0]LogRHI: Texture pool is 1361 MB (70% of 1945 MB)
[2017.07.07-13.04.57:351][  0]LogD3D11RHI: Async texture creation enabled
[2017.07.07-13.04.58:028][  0]LogD3D11RHI: GPU Timing Frequency: 27.000000 (Debug: 2 1)
[2017.07.07-13.05.00:477][  0]LogWindowsTextInputMethodSystem:Display: IME system now deactivated.
[2017.07.07-13.05.00:478][  0]LogWindowsTextInputMethodSystem:Display: IME system now deactivated.
[2017.07.07-13.05.00:549][  0]LogShaderCompilers: Guid format shader working directory is -23 characters bigger than the processId version (../../../../../../Users/safeb_000/Documents/GitHub/Project-KAGE/MyProject/Intermediate/Shaders/WorkingDirectory/9184/).
[2017.07.07-13.05.00:549][  0]LogShaderCompilers: Cleaned the shader compiler working directory 'C:/Users/safeb_000/AppData/Local/Temp/UnrealShaderWorkingDir/705A4DE6441BF7E4E1A999B1A0F8C234/'.
[2017.07.07-13.05.00:555][  0]LogShaderCompilers:Display: Using Local Shader Compiler.
[2017.07.07-13.05.08:666][  0]LogTemp:Display: Loaded TP AllDesktopTargetPlatform
[2017.07.07-13.05.08:761][  0]LogTemp:Display: Loaded TP MacClientTargetPlatform
[2017.07.07-13.05.08:823][  0]LogTemp:Display: Loaded TP MacNoEditorTargetPlatform
[2017.07.07-13.05.08:887][  0]LogTemp:Display: Loaded TP MacServerTargetPlatform
[2017.07.07-13.05.08:983][  0]LogTemp:Display: Loaded TP MacTargetPlatform
[2017.07.07-13.05.09:054][  0]LogTemp:Display: Loaded TP WindowsClientTargetPlatform
[2017.07.07-13.05.09:116][  0]LogTemp:Display: Loaded TP WindowsNoEditorTargetPlatform
[2017.07.07-13.05.09:180][  0]LogTemp:Display: Loaded TP WindowsServerTargetPlatform
[2017.07.07-13.05.09:265][  0]LogTemp:Display: Loaded TP WindowsTargetPlatform
[2017.07.07-13.05.09:432][  0]LogTemp:Display: Loaded TP AndroidTargetPlatform
[2017.07.07-13.05.09:566][  0]LogTemp:Display: Loaded TP Android_ASTCTargetPlatform
[2017.07.07-13.05.09:664][  0]LogTemp:Display: Loaded TP Android_ATCTargetPlatform
[2017.07.07-13.05.09:745][  0]LogTemp:Display: Loaded TP Android_DXTTargetPlatform
[2017.07.07-13.05.09:854][  0]LogTemp:Display: Loaded TP Android_ETC1TargetPlatform
[2017.07.07-13.05.09:982][  0]LogTemp:Display: Loaded TP Android_ETC2TargetPlatform
[2017.07.07-13.05.10:292][  0]LogTemp:Display: Loaded TP Android_MultiTargetPlatform
[2017.07.07-13.05.10:293][  0]LogTemp:Display: Loaded TP Android_PVRTCTargetPlatform
[2017.07.07-13.05.10:360][  0]LogTemp:Display: Loaded TP HTML5TargetPlatform
[2017.07.07-13.05.10:668][  0]LogTemp:Display: Loaded TP IOSTargetPlatform
[2017.07.07-13.05.10:703][  0]LogTemp:Display: Loaded TP TVOSTargetPlatform
[2017.07.07-13.05.10:783][  0]LogTemp:Display: Loaded TP LinuxClientTargetPlatform
[2017.07.07-13.05.10:852][  0]LogTemp:Display: Loaded TP LinuxNoEditorTargetPlatform
[2017.07.07-13.05.10:920][  0]LogTemp:Display: Loaded TP LinuxServerTargetPlatform
[2017.07.07-13.05.11:000][  0]LogTemp:Display: Loaded TP LinuxTargetPlatform
[2017.07.07-13.05.11:007][  0]LogTargetPlatformManager:Display: Building Assets For Windows
